{"/home/ivan/code/github/socketeer/index.js":{"path":"/home/ivan/code/github/socketeer/index.js","s":{"1":1,"2":1,"3":1,"4":1,"5":1,"6":1,"7":1,"8":1,"9":1,"10":1,"11":1,"12":1,"13":1,"14":1,"15":1},"b":{},"f":{},"fnMap":{},"statementMap":{"1":{"start":{"line":3,"column":0},"end":{"line":3,"column":78}},"2":{"start":{"line":4,"column":0},"end":{"line":4,"column":65}},"3":{"start":{"line":5,"column":0},"end":{"line":5,"column":43}},"4":{"start":{"line":6,"column":0},"end":{"line":6,"column":56}},"5":{"start":{"line":7,"column":0},"end":{"line":7,"column":48}},"6":{"start":{"line":8,"column":0},"end":{"line":8,"column":56}},"7":{"start":{"line":9,"column":0},"end":{"line":9,"column":52}},"8":{"start":{"line":10,"column":0},"end":{"line":10,"column":36}},"9":{"start":{"line":11,"column":0},"end":{"line":11,"column":50}},"10":{"start":{"line":12,"column":0},"end":{"line":12,"column":40}},"11":{"start":{"line":13,"column":0},"end":{"line":13,"column":52}},"12":{"start":{"line":14,"column":0},"end":{"line":14,"column":68}},"13":{"start":{"line":15,"column":0},"end":{"line":15,"column":56}},"14":{"start":{"line":16,"column":0},"end":{"line":16,"column":38}},"15":{"start":{"line":17,"column":0},"end":{"line":17,"column":36}}},"branchMap":{}},"/home/ivan/code/github/socketeer/lib/BrowserClient.js":{"path":"/home/ivan/code/github/socketeer/lib/BrowserClient.js","s":{"1":1,"2":0,"3":1},"b":{},"f":{"1":0},"fnMap":{"1":{"name":"(anonymous_1)","line":6,"loc":{"start":{"line":6,"column":14},"end":{"line":6,"column":33}}}},"statementMap":{"1":{"start":{"line":3,"column":0},"end":{"line":3,"column":34}},"2":{"start":{"line":7,"column":4},"end":{"line":7,"column":51}},"3":{"start":{"line":11,"column":0},"end":{"line":11,"column":30}}},"branchMap":{}},"/home/ivan/code/github/socketeer/lib/Client.js":{"path":"/home/ivan/code/github/socketeer/lib/Client.js","s":{"1":1,"2":1,"3":0,"4":0,"5":0,"6":0,"7":0,"8":0,"9":0,"10":0,"11":0,"12":0,"13":0,"14":0,"15":0,"16":0,"17":0,"18":0,"19":0,"20":0,"21":0,"22":0,"23":0,"24":0,"25":0,"26":0,"27":0,"28":0,"29":0,"30":0,"31":0,"32":0,"33":0,"34":0,"35":0,"36":0,"37":0,"38":0,"39":0,"40":0,"41":0,"42":0,"43":0,"44":0,"45":0,"46":0,"47":0,"48":0,"49":0,"50":0,"51":0,"52":0,"53":0,"54":0,"55":0,"56":0,"57":0,"58":0,"59":0,"60":0,"61":0,"62":0,"63":0,"64":0,"65":0,"66":0,"67":0,"68":0,"69":0,"70":0,"71":0,"72":0,"73":0,"74":0,"75":0,"76":0,"77":0,"78":0,"79":0,"80":0,"81":0,"82":0,"83":0,"84":0,"85":0,"86":0,"87":0,"88":0,"89":0,"90":0,"91":0,"92":0,"93":0,"94":0,"95":0,"96":0,"97":0,"98":0,"99":0,"100":1},"b":{"1":[0,0],"2":[0,0],"3":[0,0],"4":[0,0],"5":[0,0],"6":[0,0],"7":[0,0],"8":[0,0],"9":[0,0],"10":[0,0],"11":[0,0],"12":[0,0],"13":[0,0],"14":[0,0],"15":[0,0],"16":[0,0],"17":[0,0],"18":[0,0],"19":[0,0],"20":[0,0],"21":[0,0],"22":[0,0],"23":[0,0]},"f":{"1":0,"2":0,"3":0,"4":0,"5":0,"6":0,"7":0,"8":0,"9":0,"10":0,"11":0,"12":0},"fnMap":{"1":{"name":"(anonymous_1)","line":7,"loc":{"start":{"line":7,"column":14},"end":{"line":7,"column":55}}},"2":{"name":"(anonymous_2)","line":42,"loc":{"start":{"line":42,"column":21},"end":{"line":42,"column":24}}},"3":{"name":"(anonymous_3)","line":87,"loc":{"start":{"line":87,"column":23},"end":{"line":87,"column":41}}},"4":{"name":"(anonymous_4)","line":96,"loc":{"start":{"line":96,"column":15},"end":{"line":96,"column":28}}},"5":{"name":"(anonymous_5)","line":102,"loc":{"start":{"line":102,"column":17},"end":{"line":102,"column":32}}},"6":{"name":"(anonymous_6)","line":114,"loc":{"start":{"line":114,"column":24},"end":{"line":114,"column":33}}},"7":{"name":"(anonymous_7)","line":120,"loc":{"start":{"line":120,"column":19},"end":{"line":120,"column":22}}},"8":{"name":"(anonymous_8)","line":126,"loc":{"start":{"line":126,"column":25},"end":{"line":126,"column":28}}},"9":{"name":"(anonymous_9)","line":139,"loc":{"start":{"line":139,"column":24},"end":{"line":139,"column":27}}},"10":{"name":"(anonymous_10)","line":143,"loc":{"start":{"line":143,"column":9},"end":{"line":143,"column":12}}},"11":{"name":"(anonymous_11)","line":158,"loc":{"start":{"line":158,"column":12},"end":{"line":158,"column":24}}},"12":{"name":"(anonymous_12)","line":174,"loc":{"start":{"line":174,"column":15},"end":{"line":174,"column":18}}}},"statementMap":{"1":{"start":{"line":3,"column":0},"end":{"line":3,"column":50}},"2":{"start":{"line":4,"column":0},"end":{"line":4,"column":50}},"3":{"start":{"line":8,"column":4},"end":{"line":8,"column":11}},"4":{"start":{"line":11,"column":4},"end":{"line":11,"column":31}},"5":{"start":{"line":12,"column":4},"end":{"line":12,"column":37}},"6":{"start":{"line":14,"column":4},"end":{"line":14,"column":30}},"7":{"start":{"line":14,"column":18},"end":{"line":14,"column":30}},"8":{"start":{"line":15,"column":4},"end":{"line":15,"column":68}},"9":{"start":{"line":16,"column":4},"end":{"line":16,"column":62}},"10":{"start":{"line":17,"column":4},"end":{"line":17,"column":62}},"11":{"start":{"line":18,"column":4},"end":{"line":18,"column":55}},"12":{"start":{"line":19,"column":4},"end":{"line":19,"column":49}},"13":{"start":{"line":21,"column":4},"end":{"line":21,"column":25}},"14":{"start":{"line":22,"column":4},"end":{"line":22,"column":32}},"15":{"start":{"line":24,"column":4},"end":{"line":24,"column":37}},"16":{"start":{"line":25,"column":4},"end":{"line":25,"column":28}},"17":{"start":{"line":26,"column":4},"end":{"line":26,"column":31}},"18":{"start":{"line":27,"column":4},"end":{"line":27,"column":31}},"19":{"start":{"line":29,"column":4},"end":{"line":32,"column":5}},"20":{"start":{"line":34,"column":4},"end":{"line":37,"column":5}},"21":{"start":{"line":35,"column":6},"end":{"line":36,"column":8}},"22":{"start":{"line":39,"column":4},"end":{"line":39,"column":29}},"23":{"start":{"line":43,"column":4},"end":{"line":43,"column":40}},"24":{"start":{"line":44,"column":4},"end":{"line":44,"column":51}},"25":{"start":{"line":45,"column":4},"end":{"line":45,"column":73}},"26":{"start":{"line":47,"column":4},"end":{"line":47,"column":112}},"27":{"start":{"line":48,"column":4},"end":{"line":50,"column":5}},"28":{"start":{"line":49,"column":6},"end":{"line":49,"column":53}},"29":{"start":{"line":51,"column":4},"end":{"line":84,"column":6}},"30":{"start":{"line":52,"column":6},"end":{"line":52,"column":26}},"31":{"start":{"line":53,"column":6},"end":{"line":53,"column":56}},"32":{"start":{"line":54,"column":6},"end":{"line":54,"column":38}},"33":{"start":{"line":55,"column":6},"end":{"line":55,"column":38}},"34":{"start":{"line":56,"column":6},"end":{"line":56,"column":44}},"35":{"start":{"line":61,"column":6},"end":{"line":61,"column":37}},"36":{"start":{"line":63,"column":6},"end":{"line":63,"column":49}},"37":{"start":{"line":65,"column":6},"end":{"line":67,"column":7}},"38":{"start":{"line":66,"column":8},"end":{"line":66,"column":48}},"39":{"start":{"line":69,"column":6},"end":{"line":69,"column":18}},"40":{"start":{"line":72,"column":6},"end":{"line":72,"column":36}},"41":{"start":{"line":74,"column":6},"end":{"line":74,"column":26}},"42":{"start":{"line":75,"column":6},"end":{"line":75,"column":41}},"43":{"start":{"line":78,"column":6},"end":{"line":80,"column":7}},"44":{"start":{"line":79,"column":8},"end":{"line":79,"column":48}},"45":{"start":{"line":82,"column":6},"end":{"line":82,"column":36}},"46":{"start":{"line":83,"column":6},"end":{"line":83,"column":42}},"47":{"start":{"line":88,"column":4},"end":{"line":88,"column":51}},"48":{"start":{"line":88,"column":26},"end":{"line":88,"column":51}},"49":{"start":{"line":89,"column":4},"end":{"line":89,"column":24}},"50":{"start":{"line":90,"column":4},"end":{"line":90,"column":33}},"51":{"start":{"line":91,"column":4},"end":{"line":91,"column":30}},"52":{"start":{"line":92,"column":4},"end":{"line":92,"column":66}},"53":{"start":{"line":92,"column":26},"end":{"line":92,"column":66}},"54":{"start":{"line":93,"column":4},"end":{"line":93,"column":57}},"55":{"start":{"line":93,"column":25},"end":{"line":93,"column":57}},"56":{"start":{"line":97,"column":4},"end":{"line":97,"column":25}},"57":{"start":{"line":98,"column":4},"end":{"line":98,"column":32}},"58":{"start":{"line":99,"column":4},"end":{"line":99,"column":34}},"59":{"start":{"line":103,"column":4},"end":{"line":103,"column":32}},"60":{"start":{"line":105,"column":4},"end":{"line":111,"column":5}},"61":{"start":{"line":106,"column":6},"end":{"line":106,"column":32}},"62":{"start":{"line":106,"column":26},"end":{"line":106,"column":32}},"63":{"start":{"line":107,"column":6},"end":{"line":107,"column":29}},"64":{"start":{"line":108,"column":6},"end":{"line":108,"column":12}},"65":{"start":{"line":110,"column":6},"end":{"line":110,"column":40}},"66":{"start":{"line":115,"column":4},"end":{"line":115,"column":46}},"67":{"start":{"line":116,"column":4},"end":{"line":116,"column":37}},"68":{"start":{"line":117,"column":4},"end":{"line":117,"column":19}},"69":{"start":{"line":121,"column":4},"end":{"line":121,"column":33}},"70":{"start":{"line":122,"column":4},"end":{"line":122,"column":21}},"71":{"start":{"line":123,"column":4},"end":{"line":123,"column":22}},"72":{"start":{"line":127,"column":4},"end":{"line":127,"column":74}},"73":{"start":{"line":129,"column":4},"end":{"line":129,"column":32}},"74":{"start":{"line":131,"column":4},"end":{"line":136,"column":21}},"75":{"start":{"line":132,"column":6},"end":{"line":132,"column":32}},"76":{"start":{"line":132,"column":26},"end":{"line":132,"column":32}},"77":{"start":{"line":133,"column":6},"end":{"line":133,"column":27}},"78":{"start":{"line":135,"column":6},"end":{"line":135,"column":43}},"79":{"start":{"line":140,"column":4},"end":{"line":140,"column":64}},"80":{"start":{"line":140,"column":30},"end":{"line":140,"column":64}},"81":{"start":{"line":144,"column":4},"end":{"line":155,"column":6}},"82":{"start":{"line":145,"column":6},"end":{"line":147,"column":7}},"83":{"start":{"line":146,"column":8},"end":{"line":146,"column":85}},"84":{"start":{"line":149,"column":6},"end":{"line":151,"column":7}},"85":{"start":{"line":150,"column":8},"end":{"line":150,"column":29}},"86":{"start":{"line":153,"column":6},"end":{"line":153,"column":42}},"87":{"start":{"line":154,"column":6},"end":{"line":154,"column":25}},"88":{"start":{"line":159,"column":4},"end":{"line":161,"column":5}},"89":{"start":{"line":160,"column":6},"end":{"line":160,"column":69}},"90":{"start":{"line":163,"column":4},"end":{"line":163,"column":35}},"91":{"start":{"line":163,"column":29},"end":{"line":163,"column":35}},"92":{"start":{"line":164,"column":4},"end":{"line":164,"column":30}},"93":{"start":{"line":167,"column":4},"end":{"line":167,"column":28}},"94":{"start":{"line":168,"column":4},"end":{"line":168,"column":57}},"95":{"start":{"line":169,"column":4},"end":{"line":171,"column":15}},"96":{"start":{"line":170,"column":6},"end":{"line":170,"column":25}},"97":{"start":{"line":175,"column":4},"end":{"line":175,"column":31}},"98":{"start":{"line":176,"column":4},"end":{"line":176,"column":31}},"99":{"start":{"line":177,"column":4},"end":{"line":177,"column":29}},"100":{"start":{"line":181,"column":0},"end":{"line":181,"column":23}}},"branchMap":{"1":{"line":14,"type":"if","locations":[{"start":{"line":14,"column":4},"end":{"line":14,"column":4}},{"start":{"line":14,"column":4},"end":{"line":14,"column":4}}]},"2":{"line":16,"type":"binary-expr","locations":[{"start":{"line":16,"column":29},"end":{"line":16,"column":53}},{"start":{"line":16,"column":57},"end":{"line":16,"column":62}}]},"3":{"line":17,"type":"binary-expr","locations":[{"start":{"line":17,"column":29},"end":{"line":17,"column":53}},{"start":{"line":17,"column":57},"end":{"line":17,"column":62}}]},"4":{"line":18,"type":"binary-expr","locations":[{"start":{"line":18,"column":26},"end":{"line":18,"column":47}},{"start":{"line":18,"column":51},"end":{"line":18,"column":55}}]},"5":{"line":34,"type":"if","locations":[{"start":{"line":34,"column":4},"end":{"line":34,"column":4}},{"start":{"line":34,"column":4},"end":{"line":34,"column":4}}]},"6":{"line":45,"type":"cond-expr","locations":[{"start":{"line":45,"column":49},"end":{"line":45,"column":66}},{"start":{"line":45,"column":69},"end":{"line":45,"column":73}}]},"7":{"line":65,"type":"if","locations":[{"start":{"line":65,"column":6},"end":{"line":65,"column":6}},{"start":{"line":65,"column":6},"end":{"line":65,"column":6}}]},"8":{"line":65,"type":"binary-expr","locations":[{"start":{"line":65,"column":10},"end":{"line":65,"column":18}},{"start":{"line":65,"column":22},"end":{"line":65,"column":31}}]},"9":{"line":78,"type":"if","locations":[{"start":{"line":78,"column":6},"end":{"line":78,"column":6}},{"start":{"line":78,"column":6},"end":{"line":78,"column":6}}]},"10":{"line":88,"type":"if","locations":[{"start":{"line":88,"column":4},"end":{"line":88,"column":4}},{"start":{"line":88,"column":4},"end":{"line":88,"column":4}}]},"11":{"line":92,"type":"if","locations":[{"start":{"line":92,"column":4},"end":{"line":92,"column":4}},{"start":{"line":92,"column":4},"end":{"line":92,"column":4}}]},"12":{"line":93,"type":"if","locations":[{"start":{"line":93,"column":4},"end":{"line":93,"column":4}},{"start":{"line":93,"column":4},"end":{"line":93,"column":4}}]},"13":{"line":105,"type":"if","locations":[{"start":{"line":105,"column":4},"end":{"line":105,"column":4}},{"start":{"line":105,"column":4},"end":{"line":105,"column":4}}]},"14":{"line":106,"type":"if","locations":[{"start":{"line":106,"column":6},"end":{"line":106,"column":6}},{"start":{"line":106,"column":6},"end":{"line":106,"column":6}}]},"15":{"line":132,"type":"if","locations":[{"start":{"line":132,"column":6},"end":{"line":132,"column":6}},{"start":{"line":132,"column":6},"end":{"line":132,"column":6}}]},"16":{"line":140,"type":"if","locations":[{"start":{"line":140,"column":4},"end":{"line":140,"column":4}},{"start":{"line":140,"column":4},"end":{"line":140,"column":4}}]},"17":{"line":145,"type":"if","locations":[{"start":{"line":145,"column":6},"end":{"line":145,"column":6}},{"start":{"line":145,"column":6},"end":{"line":145,"column":6}}]},"18":{"line":145,"type":"binary-expr","locations":[{"start":{"line":145,"column":10},"end":{"line":145,"column":27}},{"start":{"line":145,"column":31},"end":{"line":145,"column":47}}]},"19":{"line":149,"type":"if","locations":[{"start":{"line":149,"column":6},"end":{"line":149,"column":6}},{"start":{"line":149,"column":6},"end":{"line":149,"column":6}}]},"20":{"line":159,"type":"if","locations":[{"start":{"line":159,"column":4},"end":{"line":159,"column":4}},{"start":{"line":159,"column":4},"end":{"line":159,"column":4}}]},"21":{"line":159,"type":"binary-expr","locations":[{"start":{"line":159,"column":8},"end":{"line":159,"column":25}},{"start":{"line":159,"column":29},"end":{"line":159,"column":45}}]},"22":{"line":163,"type":"if","locations":[{"start":{"line":163,"column":4},"end":{"line":163,"column":4}},{"start":{"line":163,"column":4},"end":{"line":163,"column":4}}]},"23":{"line":168,"type":"cond-expr","locations":[{"start":{"line":168,"column":34},"end":{"line":168,"column":35}},{"start":{"line":168,"column":38},"end":{"line":168,"column":57}}]}}},"/home/ivan/code/github/socketeer/lib/ClientAbstract.js":{"path":"/home/ivan/code/github/socketeer/lib/ClientAbstract.js","s":{"1":1,"2":1,"3":1,"4":1,"5":1,"6":1,"7":1,"8":1,"9":0,"10":0,"11":0,"12":0,"13":0,"14":0,"15":0,"16":0,"17":0,"18":0,"19":0,"20":0,"21":0,"22":0,"23":0,"24":0,"25":0,"26":0,"27":0,"28":0,"29":0,"30":0,"31":0,"32":0,"33":0,"34":0,"35":0,"36":0,"37":0,"38":0,"39":0,"40":0,"41":0,"42":0,"43":0,"44":0,"45":0,"46":0,"47":0,"48":0,"49":0,"50":0,"51":0,"52":0,"53":0,"54":0,"55":0,"56":0,"57":0,"58":0,"59":0,"60":0,"61":0,"62":0,"63":0,"64":0,"65":0,"66":0,"67":0,"68":0,"69":0,"70":0,"71":0,"72":0,"73":0,"74":0,"75":0,"76":0,"77":0,"78":0,"79":0,"80":0,"81":0,"82":0,"83":0,"84":0,"85":0,"86":0,"87":0,"88":0,"89":0,"90":0,"91":0,"92":0,"93":0,"94":0,"95":0,"96":0,"97":0,"98":0,"99":0,"100":0,"101":0,"102":0,"103":0,"104":0,"105":0,"106":0,"107":0,"108":0,"109":0,"110":0,"111":0,"112":0,"113":0,"114":0,"115":0,"116":0,"117":0,"118":0,"119":0,"120":0,"121":0,"122":0,"123":0,"124":0,"125":0,"126":0,"127":0,"128":0,"129":0,"130":0,"131":0,"132":0,"133":0,"134":0,"135":0,"136":0,"137":0,"138":0,"139":0,"140":0,"141":0,"142":0,"143":0,"144":0,"145":0,"146":0,"147":0,"148":0,"149":0,"150":0,"151":0,"152":0,"153":0,"154":0,"155":0,"156":0,"157":0,"158":0,"159":1},"b":{"1":[0,0],"2":[0,0],"3":[0,0],"4":[0,0],"5":[0,0],"6":[0,0],"7":[0,0],"8":[0,0],"9":[0,0],"10":[0,0],"11":[0,0],"12":[0,0],"13":[0,0],"14":[0,0],"15":[0,0],"16":[0,0],"17":[0,0],"18":[0,0],"19":[0,0,0],"20":[0,0],"21":[0,0],"22":[0,0,0,0],"23":[0,0],"24":[0,0],"25":[0,0],"26":[0,0],"27":[0,0],"28":[0,0],"29":[0,0],"30":[0,0],"31":[0,0],"32":[0,0],"33":[0,0],"34":[0,0]},"f":{"1":0,"2":0,"3":0,"4":0,"5":0,"6":0,"7":0,"8":0,"9":0,"10":0,"11":0,"12":0,"13":0,"14":0,"15":0,"16":0,"17":0,"18":0,"19":0,"20":0,"21":0,"22":0,"23":0,"24":0},"fnMap":{"1":{"name":"(anonymous_1)","line":13,"loc":{"start":{"line":13,"column":14},"end":{"line":13,"column":17}}},"2":{"name":"(anonymous_2)","line":36,"loc":{"start":{"line":36,"column":16},"end":{"line":36,"column":19}}},"3":{"name":"(anonymous_3)","line":42,"loc":{"start":{"line":42,"column":16},"end":{"line":42,"column":19}}},"4":{"name":"(anonymous_4)","line":53,"loc":{"start":{"line":53,"column":7},"end":{"line":53,"column":20}}},"5":{"name":"(anonymous_5)","line":60,"loc":{"start":{"line":60,"column":17},"end":{"line":60,"column":32}}},"6":{"name":"(anonymous_6)","line":92,"loc":{"start":{"line":92,"column":8},"end":{"line":92,"column":24}}},"7":{"name":"(anonymous_7)","line":96,"loc":{"start":{"line":96,"column":12},"end":{"line":96,"column":15}}},"8":{"name":"(anonymous_8)","line":100,"loc":{"start":{"line":100,"column":15},"end":{"line":100,"column":21}}},"9":{"name":"(anonymous_9)","line":116,"loc":{"start":{"line":116,"column":15},"end":{"line":116,"column":28}}},"10":{"name":"(anonymous_10)","line":140,"loc":{"start":{"line":140,"column":16},"end":{"line":140,"column":28}}},"11":{"name":"(anonymous_11)","line":150,"loc":{"start":{"line":150,"column":22},"end":{"line":150,"column":25}}},"12":{"name":"(anonymous_12)","line":154,"loc":{"start":{"line":154,"column":21},"end":{"line":154,"column":24}}},"13":{"name":"(anonymous_13)","line":158,"loc":{"start":{"line":158,"column":7},"end":{"line":158,"column":13}}},"14":{"name":"(anonymous_14)","line":167,"loc":{"start":{"line":167,"column":16},"end":{"line":167,"column":23}}},"15":{"name":"(anonymous_15)","line":218,"loc":{"start":{"line":218,"column":24},"end":{"line":218,"column":31}}},"16":{"name":"(anonymous_16)","line":249,"loc":{"start":{"line":249,"column":15},"end":{"line":249,"column":22}}},"17":{"name":"(anonymous_17)","line":263,"loc":{"start":{"line":263,"column":8},"end":{"line":263,"column":24}}},"18":{"name":"(anonymous_18)","line":271,"loc":{"start":{"line":271,"column":9},"end":{"line":271,"column":32}}},"19":{"name":"(anonymous_19)","line":281,"loc":{"start":{"line":281,"column":10},"end":{"line":281,"column":29}}},"20":{"name":"(anonymous_20)","line":307,"loc":{"start":{"line":307,"column":20},"end":{"line":307,"column":23}}},"21":{"name":"(anonymous_21)","line":311,"loc":{"start":{"line":311,"column":12},"end":{"line":311,"column":15}}},"22":{"name":"(anonymous_22)","line":315,"loc":{"start":{"line":315,"column":9},"end":{"line":315,"column":12}}},"23":{"name":"(anonymous_23)","line":319,"loc":{"start":{"line":319,"column":12},"end":{"line":319,"column":15}}},"24":{"name":"(anonymous_24)","line":323,"loc":{"start":{"line":323,"column":11},"end":{"line":323,"column":14}}}},"statementMap":{"1":{"start":{"line":3,"column":0},"end":{"line":3,"column":51}},"2":{"start":{"line":4,"column":0},"end":{"line":4,"column":40}},"3":{"start":{"line":5,"column":0},"end":{"line":5,"column":37}},"4":{"start":{"line":6,"column":0},"end":{"line":6,"column":54}},"5":{"start":{"line":7,"column":0},"end":{"line":7,"column":46}},"6":{"start":{"line":8,"column":0},"end":{"line":8,"column":32}},"7":{"start":{"line":9,"column":0},"end":{"line":9,"column":43}},"8":{"start":{"line":10,"column":0},"end":{"line":10,"column":47}},"9":{"start":{"line":14,"column":4},"end":{"line":14,"column":11}},"10":{"start":{"line":16,"column":4},"end":{"line":16,"column":38}},"11":{"start":{"line":17,"column":4},"end":{"line":17,"column":44}},"12":{"start":{"line":20,"column":4},"end":{"line":20,"column":29}},"13":{"start":{"line":21,"column":4},"end":{"line":21,"column":29}},"14":{"start":{"line":22,"column":4},"end":{"line":22,"column":36}},"15":{"start":{"line":23,"column":4},"end":{"line":23,"column":29}},"16":{"start":{"line":24,"column":4},"end":{"line":24,"column":87}},"17":{"start":{"line":24,"column":57},"end":{"line":24,"column":86}},"18":{"start":{"line":26,"column":4},"end":{"line":26,"column":30}},"19":{"start":{"line":28,"column":4},"end":{"line":28,"column":36}},"20":{"start":{"line":29,"column":4},"end":{"line":29,"column":34}},"21":{"start":{"line":33,"column":4},"end":{"line":33,"column":18}},"22":{"start":{"line":37,"column":4},"end":{"line":37,"column":75}},"23":{"start":{"line":37,"column":42},"end":{"line":37,"column":75}},"24":{"start":{"line":38,"column":4},"end":{"line":38,"column":53}},"25":{"start":{"line":38,"column":31},"end":{"line":38,"column":53}},"26":{"start":{"line":39,"column":4},"end":{"line":39,"column":67}},"27":{"start":{"line":39,"column":38},"end":{"line":39,"column":67}},"28":{"start":{"line":43,"column":4},"end":{"line":44,"column":5}},"29":{"start":{"line":45,"column":4},"end":{"line":46,"column":5}},"30":{"start":{"line":49,"column":4},"end":{"line":50,"column":5}},"31":{"start":{"line":54,"column":4},"end":{"line":57,"column":6}},"32":{"start":{"line":61,"column":4},"end":{"line":61,"column":32}},"33":{"start":{"line":63,"column":4},"end":{"line":63,"column":99}},"34":{"start":{"line":65,"column":4},"end":{"line":67,"column":5}},"35":{"start":{"line":66,"column":6},"end":{"line":66,"column":12}},"36":{"start":{"line":69,"column":4},"end":{"line":71,"column":5}},"37":{"start":{"line":70,"column":6},"end":{"line":70,"column":12}},"38":{"start":{"line":73,"column":4},"end":{"line":73,"column":14}},"39":{"start":{"line":74,"column":4},"end":{"line":78,"column":5}},"40":{"start":{"line":75,"column":6},"end":{"line":75,"column":31}},"41":{"start":{"line":77,"column":6},"end":{"line":77,"column":12}},"42":{"start":{"line":80,"column":4},"end":{"line":87,"column":5}},"43":{"start":{"line":81,"column":6},"end":{"line":81,"column":32}},"44":{"start":{"line":82,"column":11},"end":{"line":87,"column":5}},"45":{"start":{"line":83,"column":6},"end":{"line":83,"column":40}},"46":{"start":{"line":84,"column":11},"end":{"line":87,"column":5}},"47":{"start":{"line":85,"column":6},"end":{"line":85,"column":31}},"48":{"start":{"line":89,"column":4},"end":{"line":89,"column":10}},"49":{"start":{"line":93,"column":4},"end":{"line":93,"column":32}},"50":{"start":{"line":97,"column":4},"end":{"line":97,"column":23}},"51":{"start":{"line":102,"column":4},"end":{"line":104,"column":5}},"52":{"start":{"line":103,"column":6},"end":{"line":103,"column":12}},"53":{"start":{"line":105,"column":4},"end":{"line":105,"column":34}},"54":{"start":{"line":106,"column":4},"end":{"line":106,"column":35}},"55":{"start":{"line":107,"column":4},"end":{"line":107,"column":16}},"56":{"start":{"line":108,"column":4},"end":{"line":108,"column":59}},"57":{"start":{"line":108,"column":14},"end":{"line":108,"column":59}},"58":{"start":{"line":109,"column":4},"end":{"line":113,"column":6}},"59":{"start":{"line":118,"column":4},"end":{"line":120,"column":5}},"60":{"start":{"line":119,"column":6},"end":{"line":119,"column":12}},"61":{"start":{"line":121,"column":4},"end":{"line":121,"column":36}},"62":{"start":{"line":121,"column":21},"end":{"line":121,"column":36}},"63":{"start":{"line":122,"column":4},"end":{"line":122,"column":32}},"64":{"start":{"line":123,"column":4},"end":{"line":123,"column":30}},"65":{"start":{"line":124,"column":4},"end":{"line":124,"column":35}},"66":{"start":{"line":125,"column":4},"end":{"line":125,"column":28}},"67":{"start":{"line":125,"column":16},"end":{"line":125,"column":28}},"68":{"start":{"line":130,"column":4},"end":{"line":132,"column":5}},"69":{"start":{"line":131,"column":6},"end":{"line":131,"column":12}},"70":{"start":{"line":133,"column":4},"end":{"line":133,"column":33}},"71":{"start":{"line":134,"column":4},"end":{"line":134,"column":36}},"72":{"start":{"line":135,"column":4},"end":{"line":135,"column":24}},"73":{"start":{"line":136,"column":4},"end":{"line":136,"column":62}},"74":{"start":{"line":137,"column":4},"end":{"line":137,"column":47}},"75":{"start":{"line":141,"column":4},"end":{"line":147,"column":5}},"76":{"start":{"line":142,"column":6},"end":{"line":142,"column":32}},"77":{"start":{"line":143,"column":6},"end":{"line":143,"column":37}},"78":{"start":{"line":144,"column":6},"end":{"line":144,"column":35}},"79":{"start":{"line":146,"column":6},"end":{"line":146,"column":36}},"80":{"start":{"line":151,"column":4},"end":{"line":151,"column":31}},"81":{"start":{"line":155,"column":4},"end":{"line":155,"column":29}},"82":{"start":{"line":159,"column":4},"end":{"line":159,"column":12}},"83":{"start":{"line":160,"column":4},"end":{"line":163,"column":5}},"84":{"start":{"line":161,"column":6},"end":{"line":161,"column":32}},"85":{"start":{"line":164,"column":4},"end":{"line":164,"column":33}},"86":{"start":{"line":168,"column":4},"end":{"line":168,"column":45}},"87":{"start":{"line":169,"column":4},"end":{"line":175,"column":5}},"88":{"start":{"line":170,"column":6},"end":{"line":174,"column":8}},"89":{"start":{"line":177,"column":4},"end":{"line":177,"column":22}},"90":{"start":{"line":178,"column":4},"end":{"line":188,"column":5}},"91":{"start":{"line":179,"column":6},"end":{"line":179,"column":38}},"92":{"start":{"line":181,"column":6},"end":{"line":185,"column":8}},"93":{"start":{"line":187,"column":6},"end":{"line":187,"column":108}},"94":{"start":{"line":191,"column":4},"end":{"line":199,"column":5}},"95":{"start":{"line":192,"column":6},"end":{"line":196,"column":8}},"96":{"start":{"line":198,"column":6},"end":{"line":198,"column":106}},"97":{"start":{"line":201,"column":4},"end":{"line":215,"column":6}},"98":{"start":{"line":202,"column":6},"end":{"line":206,"column":8}},"99":{"start":{"line":208,"column":6},"end":{"line":212,"column":8}},"100":{"start":{"line":214,"column":6},"end":{"line":214,"column":102}},"101":{"start":{"line":219,"column":4},"end":{"line":219,"column":52}},"102":{"start":{"line":221,"column":4},"end":{"line":221,"column":24}},"103":{"start":{"line":221,"column":18},"end":{"line":221,"column":24}},"104":{"start":{"line":223,"column":4},"end":{"line":223,"column":27}},"105":{"start":{"line":224,"column":4},"end":{"line":224,"column":54}},"106":{"start":{"line":224,"column":25},"end":{"line":224,"column":54}},"107":{"start":{"line":225,"column":4},"end":{"line":225,"column":11}},"108":{"start":{"line":226,"column":4},"end":{"line":236,"column":5}},"109":{"start":{"line":227,"column":30},"end":{"line":227,"column":35}},"110":{"start":{"line":229,"column":8},"end":{"line":229,"column":61}},"111":{"start":{"line":230,"column":8},"end":{"line":230,"column":13}},"112":{"start":{"line":232,"column":8},"end":{"line":232,"column":48}},"113":{"start":{"line":233,"column":8},"end":{"line":233,"column":13}},"114":{"start":{"line":235,"column":8},"end":{"line":235,"column":77}},"115":{"start":{"line":237,"column":4},"end":{"line":245,"column":5}},"116":{"start":{"line":238,"column":6},"end":{"line":242,"column":7}},"117":{"start":{"line":239,"column":8},"end":{"line":239,"column":31}},"118":{"start":{"line":241,"column":8},"end":{"line":241,"column":27}},"119":{"start":{"line":244,"column":6},"end":{"line":244,"column":103}},"120":{"start":{"line":246,"column":4},"end":{"line":246,"column":39}},"121":{"start":{"line":250,"column":4},"end":{"line":250,"column":46}},"122":{"start":{"line":251,"column":4},"end":{"line":251,"column":45}},"123":{"start":{"line":251,"column":39},"end":{"line":251,"column":45}},"124":{"start":{"line":252,"column":4},"end":{"line":260,"column":5}},"125":{"start":{"line":253,"column":6},"end":{"line":259,"column":7}},"126":{"start":{"line":254,"column":8},"end":{"line":254,"column":23}},"127":{"start":{"line":257,"column":8},"end":{"line":257,"column":32}},"128":{"start":{"line":258,"column":8},"end":{"line":258,"column":16}},"129":{"start":{"line":264,"column":4},"end":{"line":266,"column":5}},"130":{"start":{"line":265,"column":6},"end":{"line":265,"column":56}},"131":{"start":{"line":267,"column":4},"end":{"line":267,"column":61}},"132":{"start":{"line":267,"column":34},"end":{"line":267,"column":61}},"133":{"start":{"line":268,"column":4},"end":{"line":268,"column":41}},"134":{"start":{"line":272,"column":4},"end":{"line":274,"column":5}},"135":{"start":{"line":273,"column":6},"end":{"line":273,"column":57}},"136":{"start":{"line":275,"column":4},"end":{"line":277,"column":5}},"137":{"start":{"line":276,"column":6},"end":{"line":276,"column":89}},"138":{"start":{"line":278,"column":4},"end":{"line":278,"column":36}},"139":{"start":{"line":282,"column":4},"end":{"line":304,"column":6}},"140":{"start":{"line":283,"column":6},"end":{"line":283,"column":26}},"141":{"start":{"line":283,"column":17},"end":{"line":283,"column":26}},"142":{"start":{"line":284,"column":6},"end":{"line":284,"column":58}},"143":{"start":{"line":284,"column":38},"end":{"line":284,"column":58}},"144":{"start":{"line":285,"column":6},"end":{"line":285,"column":41}},"145":{"start":{"line":286,"column":6},"end":{"line":290,"column":7}},"146":{"start":{"line":291,"column":6},"end":{"line":297,"column":7}},"147":{"start":{"line":292,"column":8},"end":{"line":296,"column":24}},"148":{"start":{"line":293,"column":10},"end":{"line":293,"column":37}},"149":{"start":{"line":293,"column":31},"end":{"line":293,"column":37}},"150":{"start":{"line":294,"column":10},"end":{"line":294,"column":41}},"151":{"start":{"line":295,"column":10},"end":{"line":295,"column":54}},"152":{"start":{"line":298,"column":6},"end":{"line":298,"column":42}},"153":{"start":{"line":299,"column":6},"end":{"line":303,"column":8}},"154":{"start":{"line":308,"column":4},"end":{"line":308,"column":34}},"155":{"start":{"line":312,"column":4},"end":{"line":312,"column":52}},"156":{"start":{"line":316,"column":4},"end":{"line":316,"column":46}},"157":{"start":{"line":320,"column":4},"end":{"line":320,"column":49}},"158":{"start":{"line":324,"column":4},"end":{"line":324,"column":48}},"159":{"start":{"line":328,"column":0},"end":{"line":328,"column":31}}},"branchMap":{"1":{"line":63,"type":"binary-expr","locations":[{"start":{"line":63,"column":19},"end":{"line":63,"column":38}},{"start":{"line":63,"column":43},"end":{"line":63,"column":98}}]},"2":{"line":63,"type":"binary-expr","locations":[{"start":{"line":63,"column":45},"end":{"line":63,"column":69}},{"start":{"line":63,"column":73},"end":{"line":63,"column":97}}]},"3":{"line":65,"type":"if","locations":[{"start":{"line":65,"column":4},"end":{"line":65,"column":4}},{"start":{"line":65,"column":4},"end":{"line":65,"column":4}}]},"4":{"line":69,"type":"if","locations":[{"start":{"line":69,"column":4},"end":{"line":69,"column":4}},{"start":{"line":69,"column":4},"end":{"line":69,"column":4}}]},"5":{"line":80,"type":"if","locations":[{"start":{"line":80,"column":4},"end":{"line":80,"column":4}},{"start":{"line":80,"column":4},"end":{"line":80,"column":4}}]},"6":{"line":82,"type":"if","locations":[{"start":{"line":82,"column":11},"end":{"line":82,"column":11}},{"start":{"line":82,"column":11},"end":{"line":82,"column":11}}]},"7":{"line":84,"type":"if","locations":[{"start":{"line":84,"column":11},"end":{"line":84,"column":11}},{"start":{"line":84,"column":11},"end":{"line":84,"column":11}}]},"8":{"line":102,"type":"if","locations":[{"start":{"line":102,"column":4},"end":{"line":102,"column":4}},{"start":{"line":102,"column":4},"end":{"line":102,"column":4}}]},"9":{"line":108,"type":"if","locations":[{"start":{"line":108,"column":4},"end":{"line":108,"column":4}},{"start":{"line":108,"column":4},"end":{"line":108,"column":4}}]},"10":{"line":118,"type":"if","locations":[{"start":{"line":118,"column":4},"end":{"line":118,"column":4}},{"start":{"line":118,"column":4},"end":{"line":118,"column":4}}]},"11":{"line":121,"type":"if","locations":[{"start":{"line":121,"column":4},"end":{"line":121,"column":4}},{"start":{"line":121,"column":4},"end":{"line":121,"column":4}}]},"12":{"line":125,"type":"if","locations":[{"start":{"line":125,"column":4},"end":{"line":125,"column":4}},{"start":{"line":125,"column":4},"end":{"line":125,"column":4}}]},"13":{"line":130,"type":"if","locations":[{"start":{"line":130,"column":4},"end":{"line":130,"column":4}},{"start":{"line":130,"column":4},"end":{"line":130,"column":4}}]},"14":{"line":130,"type":"binary-expr","locations":[{"start":{"line":130,"column":8},"end":{"line":130,"column":14}},{"start":{"line":130,"column":18},"end":{"line":130,"column":42}}]},"15":{"line":136,"type":"cond-expr","locations":[{"start":{"line":136,"column":45},"end":{"line":136,"column":52}},{"start":{"line":136,"column":55},"end":{"line":136,"column":62}}]},"16":{"line":141,"type":"if","locations":[{"start":{"line":141,"column":4},"end":{"line":141,"column":4}},{"start":{"line":141,"column":4},"end":{"line":141,"column":4}}]},"17":{"line":169,"type":"if","locations":[{"start":{"line":169,"column":4},"end":{"line":169,"column":4}},{"start":{"line":169,"column":4},"end":{"line":169,"column":4}}]},"18":{"line":191,"type":"if","locations":[{"start":{"line":191,"column":4},"end":{"line":191,"column":4}},{"start":{"line":191,"column":4},"end":{"line":191,"column":4}}]},"19":{"line":191,"type":"binary-expr","locations":[{"start":{"line":191,"column":8},"end":{"line":191,"column":23}},{"start":{"line":191,"column":27},"end":{"line":191,"column":68}},{"start":{"line":191,"column":72},"end":{"line":191,"column":114}}]},"20":{"line":221,"type":"if","locations":[{"start":{"line":221,"column":4},"end":{"line":221,"column":4}},{"start":{"line":221,"column":4},"end":{"line":221,"column":4}}]},"21":{"line":224,"type":"if","locations":[{"start":{"line":224,"column":4},"end":{"line":224,"column":4}},{"start":{"line":224,"column":4},"end":{"line":224,"column":4}}]},"22":{"line":226,"type":"switch","locations":[{"start":{"line":227,"column":6},"end":{"line":227,"column":35}},{"start":{"line":228,"column":6},"end":{"line":230,"column":13}},{"start":{"line":231,"column":6},"end":{"line":233,"column":13}},{"start":{"line":234,"column":6},"end":{"line":235,"column":77}}]},"23":{"line":238,"type":"if","locations":[{"start":{"line":238,"column":6},"end":{"line":238,"column":6}},{"start":{"line":238,"column":6},"end":{"line":238,"column":6}}]},"24":{"line":251,"type":"if","locations":[{"start":{"line":251,"column":4},"end":{"line":251,"column":4}},{"start":{"line":251,"column":4},"end":{"line":251,"column":4}}]},"25":{"line":251,"type":"binary-expr","locations":[{"start":{"line":251,"column":8},"end":{"line":251,"column":17}},{"start":{"line":251,"column":21},"end":{"line":251,"column":37}}]},"26":{"line":264,"type":"if","locations":[{"start":{"line":264,"column":4},"end":{"line":264,"column":4}},{"start":{"line":264,"column":4},"end":{"line":264,"column":4}}]},"27":{"line":267,"type":"if","locations":[{"start":{"line":267,"column":4},"end":{"line":267,"column":4}},{"start":{"line":267,"column":4},"end":{"line":267,"column":4}}]},"28":{"line":272,"type":"if","locations":[{"start":{"line":272,"column":4},"end":{"line":272,"column":4}},{"start":{"line":272,"column":4},"end":{"line":272,"column":4}}]},"29":{"line":275,"type":"if","locations":[{"start":{"line":275,"column":4},"end":{"line":275,"column":4}},{"start":{"line":275,"column":4},"end":{"line":275,"column":4}}]},"30":{"line":275,"type":"binary-expr","locations":[{"start":{"line":275,"column":8},"end":{"line":275,"column":31}},{"start":{"line":275,"column":35},"end":{"line":275,"column":41}}]},"31":{"line":283,"type":"if","locations":[{"start":{"line":283,"column":6},"end":{"line":283,"column":6}},{"start":{"line":283,"column":6},"end":{"line":283,"column":6}}]},"32":{"line":284,"type":"if","locations":[{"start":{"line":284,"column":6},"end":{"line":284,"column":6}},{"start":{"line":284,"column":6},"end":{"line":284,"column":6}}]},"33":{"line":291,"type":"if","locations":[{"start":{"line":291,"column":6},"end":{"line":291,"column":6}},{"start":{"line":291,"column":6},"end":{"line":291,"column":6}}]},"34":{"line":293,"type":"if","locations":[{"start":{"line":293,"column":10},"end":{"line":293,"column":10}},{"start":{"line":293,"column":10},"end":{"line":293,"column":10}}]}}},"/home/ivan/code/github/socketeer/lib/MessageQueue.js":{"path":"/home/ivan/code/github/socketeer/lib/MessageQueue.js","s":{"1":1},"b":{},"f":{},"fnMap":{},"statementMap":{"1":{"start":{"line":5,"column":0},"end":{"line":5,"column":39}}},"branchMap":{}},"/home/ivan/code/github/socketeer/lib/enums.js":{"path":"/home/ivan/code/github/socketeer/lib/enums.js","s":{"1":1,"2":1},"b":{},"f":{},"fnMap":{},"statementMap":{"1":{"start":{"line":3,"column":0},"end":{"line":7,"column":1}},"2":{"start":{"line":9,"column":0},"end":{"line":9,"column":28}}},"branchMap":{}},"/home/ivan/code/github/socketeer/lib/ClientPreparer.js":{"path":"/home/ivan/code/github/socketeer/lib/ClientPreparer.js","s":{"1":1,"2":1,"3":0,"4":0,"5":0,"6":0,"7":0,"8":0,"9":0,"10":0,"11":0,"12":0,"13":0,"14":0,"15":0,"16":0,"17":0,"18":0,"19":0,"20":0,"21":0,"22":0,"23":0,"24":0,"25":0,"26":0,"27":0,"28":0,"29":0,"30":0,"31":0,"32":0,"33":0,"34":0,"35":0,"36":0,"37":0,"38":0,"39":0,"40":0,"41":0,"42":0,"43":0,"44":0,"45":0,"46":0,"47":0,"48":0,"49":0,"50":0,"51":0,"52":0,"53":0,"54":0,"55":0,"56":0,"57":0,"58":0,"59":0,"60":0,"61":0,"62":0,"63":0,"64":0,"65":0,"66":0,"67":0,"68":0,"69":0,"70":0,"71":0,"72":0,"73":0,"74":0,"75":0,"76":0,"77":0,"78":0,"79":0,"80":0,"81":0,"82":0,"83":0,"84":0,"85":0,"86":0,"87":0,"88":0,"89":0,"90":0,"91":0,"92":0,"93":0,"94":0,"95":0,"96":0,"97":0,"98":0,"99":0,"100":0,"101":0,"102":0,"103":0,"104":0,"105":0,"106":0,"107":0,"108":0,"109":0,"110":0,"111":0,"112":1,"113":0,"114":0,"115":0,"116":1,"117":1},"b":{"1":[0,0],"2":[0,0],"3":[0,0],"4":[0,0,0,0],"5":[0,0],"6":[0,0],"7":[0,0],"8":[0,0],"9":[0,0],"10":[0,0],"11":[0,0],"12":[0,0],"13":[0,0],"14":[0,0],"15":[0,0],"16":[0,0,0],"17":[0,0],"18":[0,0],"19":[0,0],"20":[0,0],"21":[0,0],"22":[0,0],"23":[0,0],"24":[0,0],"25":[0,0],"26":[0,0],"27":[0,0],"28":[0,0],"29":[0,0],"30":[0,0],"31":[0,0]},"f":{"1":0,"2":0,"3":0,"4":0,"5":0,"6":0,"7":0,"8":0,"9":0,"10":0,"11":0,"12":0,"13":0,"14":0},"fnMap":{"1":{"name":"(anonymous_1)","line":7,"loc":{"start":{"line":7,"column":14},"end":{"line":7,"column":70}}},"2":{"name":"(anonymous_2)","line":31,"loc":{"start":{"line":31,"column":15},"end":{"line":31,"column":18}}},"3":{"name":"(anonymous_3)","line":39,"loc":{"start":{"line":39,"column":13},"end":{"line":39,"column":16}}},"4":{"name":"(anonymous_4)","line":44,"loc":{"start":{"line":44,"column":14},"end":{"line":44,"column":20}}},"5":{"name":"(anonymous_5)","line":52,"loc":{"start":{"line":52,"column":14},"end":{"line":52,"column":17}}},"6":{"name":"(anonymous_6)","line":59,"loc":{"start":{"line":59,"column":16},"end":{"line":59,"column":31}}},"7":{"name":"(anonymous_7)","line":77,"loc":{"start":{"line":77,"column":24},"end":{"line":77,"column":31}}},"8":{"name":"(anonymous_8)","line":155,"loc":{"start":{"line":155,"column":26},"end":{"line":155,"column":33}}},"9":{"name":"(anonymous_9)","line":189,"loc":{"start":{"line":189,"column":31},"end":{"line":189,"column":39}}},"10":{"name":"(anonymous_10)","line":215,"loc":{"start":{"line":215,"column":25},"end":{"line":215,"column":33}}},"11":{"name":"(anonymous_11)","line":239,"loc":{"start":{"line":239,"column":20},"end":{"line":239,"column":23}}},"12":{"name":"(anonymous_12)","line":245,"loc":{"start":{"line":245,"column":24},"end":{"line":245,"column":27}}},"13":{"name":"createWebsocket","line":260,"loc":{"start":{"line":260,"column":0},"end":{"line":260,"column":54}}},"14":{"name":"noop","line":269,"loc":{"start":{"line":269,"column":0},"end":{"line":269,"column":17}}}},"statementMap":{"1":{"start":{"line":3,"column":0},"end":{"line":3,"column":79}},"2":{"start":{"line":4,"column":0},"end":{"line":4,"column":60}},"3":{"start":{"line":8,"column":4},"end":{"line":8,"column":24}},"4":{"start":{"line":9,"column":4},"end":{"line":9,"column":44}},"5":{"start":{"line":10,"column":4},"end":{"line":10,"column":28}},"6":{"start":{"line":11,"column":4},"end":{"line":11,"column":31}},"7":{"start":{"line":12,"column":4},"end":{"line":12,"column":30}},"8":{"start":{"line":13,"column":4},"end":{"line":13,"column":25}},"9":{"start":{"line":14,"column":4},"end":{"line":17,"column":6}},"10":{"start":{"line":15,"column":6},"end":{"line":15,"column":28}},"11":{"start":{"line":16,"column":6},"end":{"line":16,"column":26}},"12":{"start":{"line":19,"column":4},"end":{"line":19,"column":27}},"13":{"start":{"line":20,"column":4},"end":{"line":20,"column":26}},"14":{"start":{"line":21,"column":4},"end":{"line":27,"column":5}},"15":{"start":{"line":28,"column":4},"end":{"line":28,"column":23}},"16":{"start":{"line":32,"column":4},"end":{"line":32,"column":97}},"17":{"start":{"line":33,"column":4},"end":{"line":33,"column":44}},"18":{"start":{"line":33,"column":27},"end":{"line":33,"column":44}},"19":{"start":{"line":34,"column":4},"end":{"line":34,"column":74}},"20":{"start":{"line":34,"column":42},"end":{"line":34,"column":74}},"21":{"start":{"line":35,"column":4},"end":{"line":35,"column":52}},"22":{"start":{"line":35,"column":31},"end":{"line":35,"column":52}},"23":{"start":{"line":36,"column":4},"end":{"line":36,"column":66}},"24":{"start":{"line":36,"column":38},"end":{"line":36,"column":66}},"25":{"start":{"line":40,"column":4},"end":{"line":40,"column":22}},"26":{"start":{"line":41,"column":4},"end":{"line":41,"column":32}},"27":{"start":{"line":45,"column":4},"end":{"line":45,"column":29}},"28":{"start":{"line":45,"column":23},"end":{"line":45,"column":29}},"29":{"start":{"line":46,"column":4},"end":{"line":46,"column":24}},"30":{"start":{"line":48,"column":4},"end":{"line":48,"column":19}},"31":{"start":{"line":49,"column":4},"end":{"line":49,"column":20}},"32":{"start":{"line":53,"column":4},"end":{"line":53,"column":29}},"33":{"start":{"line":53,"column":23},"end":{"line":53,"column":29}},"34":{"start":{"line":54,"column":4},"end":{"line":54,"column":24}},"35":{"start":{"line":55,"column":4},"end":{"line":55,"column":19}},"36":{"start":{"line":56,"column":4},"end":{"line":56,"column":76}},"37":{"start":{"line":61,"column":4},"end":{"line":61,"column":29}},"38":{"start":{"line":61,"column":23},"end":{"line":61,"column":29}},"39":{"start":{"line":62,"column":4},"end":{"line":62,"column":34}},"40":{"start":{"line":63,"column":4},"end":{"line":74,"column":5}},"41":{"start":{"line":65,"column":8},"end":{"line":65,"column":30}},"42":{"start":{"line":66,"column":8},"end":{"line":66,"column":47}},"43":{"start":{"line":68,"column":8},"end":{"line":68,"column":30}},"44":{"start":{"line":69,"column":8},"end":{"line":69,"column":49}},"45":{"start":{"line":71,"column":8},"end":{"line":71,"column":90}},"46":{"start":{"line":73,"column":8},"end":{"line":73,"column":108}},"47":{"start":{"line":78,"column":4},"end":{"line":80,"column":5}},"48":{"start":{"line":79,"column":6},"end":{"line":79,"column":75}},"49":{"start":{"line":82,"column":4},"end":{"line":82,"column":33}},"50":{"start":{"line":87,"column":4},"end":{"line":89,"column":5}},"51":{"start":{"line":88,"column":6},"end":{"line":88,"column":77}},"52":{"start":{"line":97,"column":4},"end":{"line":102,"column":5}},"53":{"start":{"line":101,"column":6},"end":{"line":101,"column":84}},"54":{"start":{"line":103,"column":4},"end":{"line":103,"column":65}},"55":{"start":{"line":104,"column":4},"end":{"line":109,"column":5}},"56":{"start":{"line":108,"column":6},"end":{"line":108,"column":79}},"57":{"start":{"line":111,"column":4},"end":{"line":120,"column":5}},"58":{"start":{"line":112,"column":6},"end":{"line":119,"column":8}},"59":{"start":{"line":113,"column":8},"end":{"line":113,"column":76}},"60":{"start":{"line":114,"column":8},"end":{"line":118,"column":9}},"61":{"start":{"line":115,"column":10},"end":{"line":115,"column":101}},"62":{"start":{"line":117,"column":10},"end":{"line":117,"column":56}},"63":{"start":{"line":128,"column":4},"end":{"line":133,"column":5}},"64":{"start":{"line":132,"column":6},"end":{"line":132,"column":88}},"65":{"start":{"line":134,"column":4},"end":{"line":134,"column":75}},"66":{"start":{"line":135,"column":4},"end":{"line":141,"column":5}},"67":{"start":{"line":140,"column":6},"end":{"line":140,"column":84}},"68":{"start":{"line":143,"column":4},"end":{"line":143,"column":64}},"69":{"start":{"line":148,"column":4},"end":{"line":152,"column":5}},"70":{"start":{"line":149,"column":6},"end":{"line":149,"column":43}},"71":{"start":{"line":151,"column":6},"end":{"line":151,"column":24}},"72":{"start":{"line":156,"column":4},"end":{"line":158,"column":5}},"73":{"start":{"line":157,"column":6},"end":{"line":157,"column":79}},"74":{"start":{"line":160,"column":4},"end":{"line":160,"column":33}},"75":{"start":{"line":165,"column":4},"end":{"line":176,"column":5}},"76":{"start":{"line":169,"column":11},"end":{"line":176,"column":5}},"77":{"start":{"line":173,"column":6},"end":{"line":173,"column":89}},"78":{"start":{"line":175,"column":6},"end":{"line":175,"column":96}},"79":{"start":{"line":182,"column":4},"end":{"line":186,"column":5}},"80":{"start":{"line":183,"column":6},"end":{"line":183,"column":46}},"81":{"start":{"line":185,"column":6},"end":{"line":185,"column":40}},"82":{"start":{"line":193,"column":4},"end":{"line":212,"column":5}},"83":{"start":{"line":196,"column":6},"end":{"line":196,"column":39}},"84":{"start":{"line":197,"column":6},"end":{"line":197,"column":37}},"85":{"start":{"line":198,"column":11},"end":{"line":212,"column":5}},"86":{"start":{"line":202,"column":6},"end":{"line":202,"column":31}},"87":{"start":{"line":203,"column":6},"end":{"line":209,"column":7}},"88":{"start":{"line":204,"column":8},"end":{"line":204,"column":79}},"89":{"start":{"line":206,"column":8},"end":{"line":206,"column":40}},"90":{"start":{"line":207,"column":8},"end":{"line":207,"column":47}},"91":{"start":{"line":208,"column":8},"end":{"line":208,"column":39}},"92":{"start":{"line":211,"column":6},"end":{"line":211,"column":74}},"93":{"start":{"line":219,"column":4},"end":{"line":236,"column":5}},"94":{"start":{"line":223,"column":6},"end":{"line":223,"column":31}},"95":{"start":{"line":224,"column":6},"end":{"line":229,"column":7}},"96":{"start":{"line":225,"column":8},"end":{"line":225,"column":79}},"97":{"start":{"line":227,"column":8},"end":{"line":227,"column":47}},"98":{"start":{"line":228,"column":8},"end":{"line":228,"column":39}},"99":{"start":{"line":230,"column":11},"end":{"line":236,"column":5}},"100":{"start":{"line":233,"column":6},"end":{"line":233,"column":37}},"101":{"start":{"line":235,"column":6},"end":{"line":235,"column":82}},"102":{"start":{"line":240,"column":4},"end":{"line":240,"column":24}},"103":{"start":{"line":241,"column":4},"end":{"line":241,"column":80}},"104":{"start":{"line":241,"column":65},"end":{"line":241,"column":80}},"105":{"start":{"line":242,"column":4},"end":{"line":242,"column":34}},"106":{"start":{"line":251,"column":4},"end":{"line":256,"column":29}},"107":{"start":{"line":252,"column":6},"end":{"line":252,"column":31}},"108":{"start":{"line":252,"column":25},"end":{"line":252,"column":31}},"109":{"start":{"line":253,"column":6},"end":{"line":253,"column":26}},"110":{"start":{"line":254,"column":6},"end":{"line":254,"column":21}},"111":{"start":{"line":255,"column":6},"end":{"line":255,"column":52}},"112":{"start":{"line":260,"column":0},"end":{"line":267,"column":1}},"113":{"start":{"line":262,"column":2},"end":{"line":266,"column":3}},"114":{"start":{"line":263,"column":4},"end":{"line":263,"column":42}},"115":{"start":{"line":265,"column":4},"end":{"line":265,"column":51}},"116":{"start":{"line":269,"column":0},"end":{"line":269,"column":20}},"117":{"start":{"line":271,"column":0},"end":{"line":271,"column":31}}},"branchMap":{"1":{"line":45,"type":"if","locations":[{"start":{"line":45,"column":4},"end":{"line":45,"column":4}},{"start":{"line":45,"column":4},"end":{"line":45,"column":4}}]},"2":{"line":53,"type":"if","locations":[{"start":{"line":53,"column":4},"end":{"line":53,"column":4}},{"start":{"line":53,"column":4},"end":{"line":53,"column":4}}]},"3":{"line":61,"type":"if","locations":[{"start":{"line":61,"column":4},"end":{"line":61,"column":4}},{"start":{"line":61,"column":4},"end":{"line":61,"column":4}}]},"4":{"line":63,"type":"switch","locations":[{"start":{"line":64,"column":6},"end":{"line":66,"column":47}},{"start":{"line":67,"column":6},"end":{"line":69,"column":49}},{"start":{"line":70,"column":6},"end":{"line":71,"column":90}},{"start":{"line":72,"column":6},"end":{"line":73,"column":108}}]},"5":{"line":78,"type":"if","locations":[{"start":{"line":78,"column":4},"end":{"line":78,"column":4}},{"start":{"line":78,"column":4},"end":{"line":78,"column":4}}]},"6":{"line":87,"type":"if","locations":[{"start":{"line":87,"column":4},"end":{"line":87,"column":4}},{"start":{"line":87,"column":4},"end":{"line":87,"column":4}}]},"7":{"line":97,"type":"if","locations":[{"start":{"line":97,"column":4},"end":{"line":97,"column":4}},{"start":{"line":97,"column":4},"end":{"line":97,"column":4}}]},"8":{"line":98,"type":"binary-expr","locations":[{"start":{"line":98,"column":6},"end":{"line":98,"column":34}},{"start":{"line":99,"column":6},"end":{"line":99,"column":33}}]},"9":{"line":104,"type":"if","locations":[{"start":{"line":104,"column":4},"end":{"line":104,"column":4}},{"start":{"line":104,"column":4},"end":{"line":104,"column":4}}]},"10":{"line":105,"type":"binary-expr","locations":[{"start":{"line":105,"column":6},"end":{"line":105,"column":28}},{"start":{"line":106,"column":6},"end":{"line":106,"column":19}}]},"11":{"line":111,"type":"if","locations":[{"start":{"line":111,"column":4},"end":{"line":111,"column":4}},{"start":{"line":111,"column":4},"end":{"line":111,"column":4}}]},"12":{"line":114,"type":"if","locations":[{"start":{"line":114,"column":8},"end":{"line":114,"column":8}},{"start":{"line":114,"column":8},"end":{"line":114,"column":8}}]},"13":{"line":128,"type":"if","locations":[{"start":{"line":128,"column":4},"end":{"line":128,"column":4}},{"start":{"line":128,"column":4},"end":{"line":128,"column":4}}]},"14":{"line":129,"type":"binary-expr","locations":[{"start":{"line":129,"column":6},"end":{"line":129,"column":34}},{"start":{"line":130,"column":6},"end":{"line":130,"column":33}}]},"15":{"line":135,"type":"if","locations":[{"start":{"line":135,"column":4},"end":{"line":135,"column":4}},{"start":{"line":135,"column":4},"end":{"line":135,"column":4}}]},"16":{"line":136,"type":"binary-expr","locations":[{"start":{"line":136,"column":6},"end":{"line":136,"column":28}},{"start":{"line":137,"column":6},"end":{"line":137,"column":18}},{"start":{"line":138,"column":6},"end":{"line":138,"column":27}}]},"17":{"line":148,"type":"if","locations":[{"start":{"line":148,"column":4},"end":{"line":148,"column":4}},{"start":{"line":148,"column":4},"end":{"line":148,"column":4}}]},"18":{"line":156,"type":"if","locations":[{"start":{"line":156,"column":4},"end":{"line":156,"column":4}},{"start":{"line":156,"column":4},"end":{"line":156,"column":4}}]},"19":{"line":165,"type":"if","locations":[{"start":{"line":165,"column":4},"end":{"line":165,"column":4}},{"start":{"line":165,"column":4},"end":{"line":165,"column":4}}]},"20":{"line":169,"type":"if","locations":[{"start":{"line":169,"column":11},"end":{"line":169,"column":11}},{"start":{"line":169,"column":11},"end":{"line":169,"column":11}}]},"21":{"line":182,"type":"if","locations":[{"start":{"line":182,"column":4},"end":{"line":182,"column":4}},{"start":{"line":182,"column":4},"end":{"line":182,"column":4}}]},"22":{"line":193,"type":"if","locations":[{"start":{"line":193,"column":4},"end":{"line":193,"column":4}},{"start":{"line":193,"column":4},"end":{"line":193,"column":4}}]},"23":{"line":198,"type":"if","locations":[{"start":{"line":198,"column":11},"end":{"line":198,"column":11}},{"start":{"line":198,"column":11},"end":{"line":198,"column":11}}]},"24":{"line":203,"type":"if","locations":[{"start":{"line":203,"column":6},"end":{"line":203,"column":6}},{"start":{"line":203,"column":6},"end":{"line":203,"column":6}}]},"25":{"line":219,"type":"if","locations":[{"start":{"line":219,"column":4},"end":{"line":219,"column":4}},{"start":{"line":219,"column":4},"end":{"line":219,"column":4}}]},"26":{"line":224,"type":"if","locations":[{"start":{"line":224,"column":6},"end":{"line":224,"column":6}},{"start":{"line":224,"column":6},"end":{"line":224,"column":6}}]},"27":{"line":230,"type":"if","locations":[{"start":{"line":230,"column":11},"end":{"line":230,"column":11}},{"start":{"line":230,"column":11},"end":{"line":230,"column":11}}]},"28":{"line":241,"type":"if","locations":[{"start":{"line":241,"column":4},"end":{"line":241,"column":4}},{"start":{"line":241,"column":4},"end":{"line":241,"column":4}}]},"29":{"line":241,"type":"binary-expr","locations":[{"start":{"line":241,"column":8},"end":{"line":241,"column":33}},{"start":{"line":241,"column":37},"end":{"line":241,"column":63}}]},"30":{"line":252,"type":"if","locations":[{"start":{"line":252,"column":6},"end":{"line":252,"column":6}},{"start":{"line":252,"column":6},"end":{"line":252,"column":6}}]},"31":{"line":262,"type":"if","locations":[{"start":{"line":262,"column":2},"end":{"line":262,"column":2}},{"start":{"line":262,"column":2},"end":{"line":262,"column":2}}]}}},"/home/ivan/code/github/socketeer/lib/util.js":{"path":"/home/ivan/code/github/socketeer/lib/util.js","s":{"1":1,"2":0,"3":0,"4":0},"b":{"1":[0,0],"2":[0,0,0,0]},"f":{"1":0},"fnMap":{"1":{"name":"(anonymous_1)","line":3,"loc":{"start":{"line":3,"column":37},"end":{"line":3,"column":54}}}},"statementMap":{"1":{"start":{"line":3,"column":0},"end":{"line":15,"column":1}},"2":{"start":{"line":6,"column":2},"end":{"line":13,"column":3}},"3":{"start":{"line":12,"column":4},"end":{"line":12,"column":16}},"4":{"start":{"line":14,"column":2},"end":{"line":14,"column":13}}},"branchMap":{"1":{"line":6,"type":"if","locations":[{"start":{"line":6,"column":2},"end":{"line":6,"column":2}},{"start":{"line":6,"column":2},"end":{"line":6,"column":2}}]},"2":{"line":7,"type":"binary-expr","locations":[{"start":{"line":7,"column":4},"end":{"line":7,"column":29}},{"start":{"line":8,"column":4},"end":{"line":8,"column":20}},{"start":{"line":9,"column":4},"end":{"line":9,"column":22}},{"start":{"line":10,"column":4},"end":{"line":10,"column":29}}]}}},"/home/ivan/code/github/socketeer/lib/NodeClient.js":{"path":"/home/ivan/code/github/socketeer/lib/NodeClient.js","s":{"1":1,"2":1,"3":0,"4":1},"b":{},"f":{"1":0},"fnMap":{"1":{"name":"(anonymous_1)","line":7,"loc":{"start":{"line":7,"column":14},"end":{"line":7,"column":33}}}},"statementMap":{"1":{"start":{"line":3,"column":0},"end":{"line":3,"column":34}},"2":{"start":{"line":4,"column":0},"end":{"line":4,"column":24}},"3":{"start":{"line":8,"column":4},"end":{"line":8,"column":38}},"4":{"start":{"line":12,"column":0},"end":{"line":12,"column":27}}},"branchMap":{}},"/home/ivan/code/github/socketeer/lib/ClientPool.js":{"path":"/home/ivan/code/github/socketeer/lib/ClientPool.js","s":{"1":1,"2":1,"3":1,"4":0,"5":0,"6":0,"7":0,"8":0,"9":0,"10":0,"11":0,"12":0,"13":0,"14":0,"15":0,"16":0,"17":0,"18":0,"19":0,"20":0,"21":0,"22":1},"b":{"1":[0,0],"2":[0,0],"3":[0,0]},"f":{"1":1,"2":0,"3":0,"4":0,"5":0,"6":0,"7":0,"8":0},"fnMap":{"1":{"name":"(anonymous_1)","line":6,"loc":{"start":{"line":6,"column":14},"end":{"line":6,"column":17}}},"2":{"name":"(anonymous_2)","line":12,"loc":{"start":{"line":12,"column":6},"end":{"line":12,"column":19}}},"3":{"name":"(anonymous_3)","line":19,"loc":{"start":{"line":19,"column":6},"end":{"line":19,"column":11}}},"4":{"name":"(anonymous_4)","line":23,"loc":{"start":{"line":23,"column":13},"end":{"line":23,"column":16}}},"5":{"name":"(anonymous_5)","line":33,"loc":{"start":{"line":33,"column":10},"end":{"line":33,"column":15}}},"6":{"name":"(anonymous_6)","line":39,"loc":{"start":{"line":39,"column":9},"end":{"line":39,"column":14}}},"7":{"name":"(anonymous_7)","line":43,"loc":{"start":{"line":43,"column":8},"end":{"line":43,"column":11}}},"8":{"name":"(anonymous_8)","line":47,"loc":{"start":{"line":47,"column":14},"end":{"line":47,"column":19}}}},"statementMap":{"1":{"start":{"line":3,"column":0},"end":{"line":3,"column":31}},"2":{"start":{"line":8,"column":4},"end":{"line":8,"column":25}},"3":{"start":{"line":9,"column":4},"end":{"line":9,"column":29}},"4":{"start":{"line":13,"column":4},"end":{"line":13,"column":77}},"5":{"start":{"line":13,"column":27},"end":{"line":13,"column":77}},"6":{"start":{"line":14,"column":4},"end":{"line":14,"column":24}},"7":{"start":{"line":15,"column":4},"end":{"line":15,"column":29}},"8":{"start":{"line":16,"column":4},"end":{"line":16,"column":13}},"9":{"start":{"line":20,"column":4},"end":{"line":20,"column":28}},"10":{"start":{"line":24,"column":4},"end":{"line":24,"column":10}},"11":{"start":{"line":25,"column":4},"end":{"line":28,"column":5}},"12":{"start":{"line":26,"column":6},"end":{"line":26,"column":17}},"13":{"start":{"line":27,"column":6},"end":{"line":27,"column":61}},"14":{"start":{"line":27,"column":56},"end":{"line":27,"column":61}},"15":{"start":{"line":29,"column":4},"end":{"line":29,"column":25}},"16":{"start":{"line":30,"column":4},"end":{"line":30,"column":13}},"17":{"start":{"line":34,"column":4},"end":{"line":36,"column":5}},"18":{"start":{"line":35,"column":6},"end":{"line":35,"column":16}},"19":{"start":{"line":40,"column":4},"end":{"line":40,"column":24}},"20":{"start":{"line":44,"column":4},"end":{"line":44,"column":25}},"21":{"start":{"line":48,"column":4},"end":{"line":48,"column":28}},"22":{"start":{"line":52,"column":0},"end":{"line":52,"column":27}}},"branchMap":{"1":{"line":13,"type":"if","locations":[{"start":{"line":13,"column":4},"end":{"line":13,"column":4}},{"start":{"line":13,"column":4},"end":{"line":13,"column":4}}]},"2":{"line":27,"type":"if","locations":[{"start":{"line":27,"column":6},"end":{"line":27,"column":6}},{"start":{"line":27,"column":6},"end":{"line":27,"column":6}}]},"3":{"line":27,"type":"binary-expr","locations":[{"start":{"line":27,"column":10},"end":{"line":27,"column":28}},{"start":{"line":27,"column":32},"end":{"line":27,"column":54}}]}}},"/home/ivan/code/github/socketeer/lib/Room.js":{"path":"/home/ivan/code/github/socketeer/lib/Room.js","s":{"1":1,"2":0,"3":1,"4":1,"5":0,"6":0,"7":0,"8":0,"9":0,"10":0,"11":0,"12":0,"13":0,"14":0,"15":0,"16":0,"17":1},"b":{"1":[0,1],"2":[0,0],"3":[0,0]},"f":{"1":1,"2":0,"3":0,"4":0,"5":0,"6":0},"fnMap":{"1":{"name":"(anonymous_1)","line":5,"loc":{"start":{"line":5,"column":14},"end":{"line":5,"column":21}}},"2":{"name":"(anonymous_2)","line":11,"loc":{"start":{"line":11,"column":6},"end":{"line":11,"column":15}}},"3":{"name":"(anonymous_3)","line":17,"loc":{"start":{"line":17,"column":9},"end":{"line":17,"column":18}}},"4":{"name":"(anonymous_4)","line":23,"loc":{"start":{"line":23,"column":9},"end":{"line":23,"column":18}}},"5":{"name":"(anonymous_5)","line":27,"loc":{"start":{"line":27,"column":7},"end":{"line":27,"column":20}}},"6":{"name":"(anonymous_6)","line":33,"loc":{"start":{"line":33,"column":8},"end":{"line":33,"column":11}}}},"statementMap":{"1":{"start":{"line":6,"column":4},"end":{"line":6,"column":51}},"2":{"start":{"line":6,"column":15},"end":{"line":6,"column":51}},"3":{"start":{"line":7,"column":4},"end":{"line":7,"column":20}},"4":{"start":{"line":8,"column":4},"end":{"line":8,"column":29}},"5":{"start":{"line":12,"column":4},"end":{"line":12,"column":42}},"6":{"start":{"line":12,"column":30},"end":{"line":12,"column":42}},"7":{"start":{"line":13,"column":4},"end":{"line":13,"column":29}},"8":{"start":{"line":14,"column":4},"end":{"line":14,"column":15}},"9":{"start":{"line":18,"column":4},"end":{"line":18,"column":42}},"10":{"start":{"line":18,"column":30},"end":{"line":18,"column":42}},"11":{"start":{"line":19,"column":4},"end":{"line":19,"column":32}},"12":{"start":{"line":20,"column":4},"end":{"line":20,"column":15}},"13":{"start":{"line":24,"column":4},"end":{"line":24,"column":36}},"14":{"start":{"line":28,"column":4},"end":{"line":30,"column":5}},"15":{"start":{"line":29,"column":6},"end":{"line":29,"column":29}},"16":{"start":{"line":34,"column":4},"end":{"line":34,"column":29}},"17":{"start":{"line":38,"column":0},"end":{"line":38,"column":21}}},"branchMap":{"1":{"line":6,"type":"if","locations":[{"start":{"line":6,"column":4},"end":{"line":6,"column":4}},{"start":{"line":6,"column":4},"end":{"line":6,"column":4}}]},"2":{"line":12,"type":"if","locations":[{"start":{"line":12,"column":4},"end":{"line":12,"column":4}},{"start":{"line":12,"column":4},"end":{"line":12,"column":4}}]},"3":{"line":18,"type":"if","locations":[{"start":{"line":18,"column":4},"end":{"line":18,"column":4}},{"start":{"line":18,"column":4},"end":{"line":18,"column":4}}]}}},"/home/ivan/code/github/socketeer/lib/RoomManager.js":{"path":"/home/ivan/code/github/socketeer/lib/RoomManager.js","s":{"1":1,"2":1,"3":1,"4":0,"5":0,"6":0,"7":0,"8":0,"9":0,"10":0,"11":0,"12":0,"13":0,"14":0,"15":0,"16":0,"17":0,"18":0,"19":0,"20":0,"21":0,"22":0,"23":0,"24":0,"25":0,"26":0,"27":0,"28":0,"29":0,"30":0,"31":0,"32":0,"33":0,"34":0,"35":0,"36":0,"37":0,"38":0,"39":0,"40":1},"b":{"1":[0,0],"2":[0,0],"3":[0,0],"4":[0,0],"5":[0,0],"6":[0,0],"7":[0,0],"8":[0,0],"9":[0,0],"10":[0,0],"11":[0,0]},"f":{"1":1,"2":0,"3":0,"4":0,"5":0,"6":0,"7":0,"8":0,"9":0,"10":0},"fnMap":{"1":{"name":"(anonymous_1)","line":6,"loc":{"start":{"line":6,"column":14},"end":{"line":6,"column":17}}},"2":{"name":"(anonymous_2)","line":11,"loc":{"start":{"line":11,"column":9},"end":{"line":11,"column":16}}},"3":{"name":"(anonymous_3)","line":18,"loc":{"start":{"line":18,"column":6},"end":{"line":18,"column":21}}},"4":{"name":"(anonymous_4)","line":24,"loc":{"start":{"line":24,"column":7},"end":{"line":24,"column":30}}},"5":{"name":"(anonymous_5)","line":33,"loc":{"start":{"line":33,"column":11},"end":{"line":33,"column":20}}},"6":{"name":"(anonymous_6)","line":37,"loc":{"start":{"line":37,"column":8},"end":{"line":37,"column":23}}},"7":{"name":"(anonymous_7)","line":43,"loc":{"start":{"line":43,"column":12},"end":{"line":43,"column":21}}},"8":{"name":"(anonymous_8)","line":47,"loc":{"start":{"line":47,"column":8},"end":{"line":47,"column":11}}},"9":{"name":"(anonymous_9)","line":55,"loc":{"start":{"line":55,"column":12},"end":{"line":55,"column":15}}},"10":{"name":"(anonymous_10)","line":59,"loc":{"start":{"line":59,"column":16},"end":{"line":59,"column":25}}}},"statementMap":{"1":{"start":{"line":3,"column":0},"end":{"line":3,"column":30}},"2":{"start":{"line":7,"column":4},"end":{"line":7,"column":26}},"3":{"start":{"line":8,"column":4},"end":{"line":8,"column":42}},"4":{"start":{"line":12,"column":4},"end":{"line":12,"column":87}},"5":{"start":{"line":12,"column":24},"end":{"line":12,"column":87}},"6":{"start":{"line":13,"column":4},"end":{"line":13,"column":42}},"7":{"start":{"line":13,"column":30},"end":{"line":13,"column":42}},"8":{"start":{"line":14,"column":4},"end":{"line":14,"column":40}},"9":{"start":{"line":15,"column":4},"end":{"line":15,"column":15}},"10":{"start":{"line":19,"column":4},"end":{"line":19,"column":31}},"11":{"start":{"line":20,"column":4},"end":{"line":20,"column":51}},"12":{"start":{"line":20,"column":34},"end":{"line":20,"column":51}},"13":{"start":{"line":21,"column":4},"end":{"line":21,"column":31}},"14":{"start":{"line":25,"column":4},"end":{"line":25,"column":31}},"15":{"start":{"line":26,"column":4},"end":{"line":26,"column":89}},"16":{"start":{"line":26,"column":24},"end":{"line":26,"column":89}},"17":{"start":{"line":27,"column":4},"end":{"line":27,"column":33}},"18":{"start":{"line":27,"column":16},"end":{"line":27,"column":33}},"19":{"start":{"line":28,"column":4},"end":{"line":28,"column":38}},"20":{"start":{"line":29,"column":4},"end":{"line":29,"column":48}},"21":{"start":{"line":29,"column":15},"end":{"line":29,"column":48}},"22":{"start":{"line":30,"column":4},"end":{"line":30,"column":27}},"23":{"start":{"line":34,"column":4},"end":{"line":34,"column":37}},"24":{"start":{"line":38,"column":4},"end":{"line":38,"column":98}},"25":{"start":{"line":38,"column":24},"end":{"line":38,"column":98}},"26":{"start":{"line":39,"column":4},"end":{"line":39,"column":37}},"27":{"start":{"line":39,"column":25},"end":{"line":39,"column":37}},"28":{"start":{"line":40,"column":4},"end":{"line":40,"column":47}},"29":{"start":{"line":44,"column":4},"end":{"line":44,"column":40}},"30":{"start":{"line":48,"column":4},"end":{"line":52,"column":5}},"31":{"start":{"line":49,"column":6},"end":{"line":49,"column":39}},"32":{"start":{"line":49,"column":31},"end":{"line":49,"column":39}},"33":{"start":{"line":50,"column":6},"end":{"line":50,"column":18}},"34":{"start":{"line":51,"column":6},"end":{"line":51,"column":34}},"35":{"start":{"line":56,"column":4},"end":{"line":56,"column":33}},"36":{"start":{"line":60,"column":4},"end":{"line":63,"column":5}},"37":{"start":{"line":61,"column":6},"end":{"line":61,"column":39}},"38":{"start":{"line":61,"column":31},"end":{"line":61,"column":39}},"39":{"start":{"line":62,"column":6},"end":{"line":62,"column":25}},"40":{"start":{"line":67,"column":0},"end":{"line":67,"column":28}}},"branchMap":{"1":{"line":12,"type":"if","locations":[{"start":{"line":12,"column":4},"end":{"line":12,"column":4}},{"start":{"line":12,"column":4},"end":{"line":12,"column":4}}]},"2":{"line":13,"type":"if","locations":[{"start":{"line":13,"column":4},"end":{"line":13,"column":4}},{"start":{"line":13,"column":4},"end":{"line":13,"column":4}}]},"3":{"line":20,"type":"if","locations":[{"start":{"line":20,"column":4},"end":{"line":20,"column":4}},{"start":{"line":20,"column":4},"end":{"line":20,"column":4}}]},"4":{"line":20,"type":"binary-expr","locations":[{"start":{"line":20,"column":8},"end":{"line":20,"column":14}},{"start":{"line":20,"column":18},"end":{"line":20,"column":32}}]},"5":{"line":26,"type":"if","locations":[{"start":{"line":26,"column":4},"end":{"line":26,"column":4}},{"start":{"line":26,"column":4},"end":{"line":26,"column":4}}]},"6":{"line":27,"type":"if","locations":[{"start":{"line":27,"column":4},"end":{"line":27,"column":4}},{"start":{"line":27,"column":4},"end":{"line":27,"column":4}}]},"7":{"line":29,"type":"if","locations":[{"start":{"line":29,"column":4},"end":{"line":29,"column":4}},{"start":{"line":29,"column":4},"end":{"line":29,"column":4}}]},"8":{"line":38,"type":"if","locations":[{"start":{"line":38,"column":4},"end":{"line":38,"column":4}},{"start":{"line":38,"column":4},"end":{"line":38,"column":4}}]},"9":{"line":39,"type":"if","locations":[{"start":{"line":39,"column":4},"end":{"line":39,"column":4}},{"start":{"line":39,"column":4},"end":{"line":39,"column":4}}]},"10":{"line":49,"type":"if","locations":[{"start":{"line":49,"column":6},"end":{"line":49,"column":6}},{"start":{"line":49,"column":6},"end":{"line":49,"column":6}}]},"11":{"line":61,"type":"if","locations":[{"start":{"line":61,"column":6},"end":{"line":61,"column":6}},{"start":{"line":61,"column":6},"end":{"line":61,"column":6}}]}}},"/home/ivan/code/github/socketeer/lib/Server.js":{"path":"/home/ivan/code/github/socketeer/lib/Server.js","s":{"1":1,"2":1,"3":1,"4":1,"5":1,"6":1,"7":1,"8":1,"9":1,"10":1,"11":1,"12":1,"13":1,"14":1,"15":1,"16":1,"17":1,"18":1,"19":1,"20":1,"21":1,"22":1,"23":1,"24":1,"25":1,"26":1,"27":1,"28":0,"29":0,"30":0,"31":0,"32":0,"33":0,"34":0,"35":0,"36":0,"37":0,"38":0,"39":0,"40":0,"41":0,"42":0,"43":0,"44":0,"45":0,"46":0,"47":0,"48":0,"49":0,"50":0,"51":0,"52":0,"53":0,"54":0,"55":0,"56":0,"57":0,"58":0,"59":0,"60":0,"61":0,"62":0,"63":0,"64":0,"65":0,"66":0,"67":0,"68":0,"69":0,"70":0,"71":0,"72":0,"73":0,"74":0,"75":0,"76":0,"77":0,"78":0,"79":0,"80":0,"81":0,"82":0,"83":0,"84":0,"85":0,"86":0,"87":0,"88":0,"89":0,"90":0,"91":0,"92":0,"93":0,"94":0,"95":0,"96":0,"97":0,"98":0,"99":0,"100":0,"101":0,"102":0,"103":0,"104":0,"105":0,"106":0,"107":0,"108":0,"109":0,"110":0,"111":0,"112":0,"113":0,"114":0,"115":0,"116":0,"117":0,"118":0,"119":0,"120":0,"121":0,"122":0,"123":0,"124":0,"125":0,"126":0,"127":0,"128":0,"129":1},"b":{"1":[1,0],"2":[1,1],"3":[1,1],"4":[1,1],"5":[1,1],"6":[1,0],"7":[0,0],"8":[0,0],"9":[0,0],"10":[0,0],"11":[0,0],"12":[0,0],"13":[0,0],"14":[0,0],"15":[0,0],"16":[0,0],"17":[0,0],"18":[0,0],"19":[0,0],"20":[0,0],"21":[0,0],"22":[0,0],"23":[0,0],"24":[0,0],"25":[0,0],"26":[0,0],"27":[0,0],"28":[0,0]},"f":{"1":1,"2":0,"3":0,"4":0,"5":0,"6":0,"7":0,"8":0,"9":0},"fnMap":{"1":{"name":"(anonymous_1)","line":15,"loc":{"start":{"line":15,"column":14},"end":{"line":15,"column":24}}},"2":{"name":"(anonymous_2)","line":45,"loc":{"start":{"line":45,"column":9},"end":{"line":45,"column":22}}},"3":{"name":"(anonymous_3)","line":79,"loc":{"start":{"line":79,"column":15},"end":{"line":79,"column":21}}},"4":{"name":"(anonymous_4)","line":83,"loc":{"start":{"line":83,"column":17},"end":{"line":83,"column":27}}},"5":{"name":"(anonymous_5)","line":87,"loc":{"start":{"line":87,"column":12},"end":{"line":87,"column":25}}},"6":{"name":"(anonymous_6)","line":91,"loc":{"start":{"line":91,"column":5},"end":{"line":91,"column":20}}},"7":{"name":"(anonymous_7)","line":95,"loc":{"start":{"line":95,"column":6},"end":{"line":95,"column":19}}},"8":{"name":"(anonymous_8)","line":99,"loc":{"start":{"line":99,"column":7},"end":{"line":99,"column":10}}},"9":{"name":"(anonymous_9)","line":111,"loc":{"start":{"line":111,"column":20},"end":{"line":111,"column":33}}}},"statementMap":{"1":{"start":{"line":3,"column":0},"end":{"line":3,"column":51}},"2":{"start":{"line":4,"column":0},"end":{"line":4,"column":40}},"3":{"start":{"line":5,"column":0},"end":{"line":5,"column":31}},"4":{"start":{"line":6,"column":0},"end":{"line":6,"column":54}},"5":{"start":{"line":7,"column":0},"end":{"line":7,"column":39}},"6":{"start":{"line":8,"column":0},"end":{"line":8,"column":44}},"7":{"start":{"line":9,"column":0},"end":{"line":9,"column":42}},"8":{"start":{"line":10,"column":0},"end":{"line":10,"column":46}},"9":{"start":{"line":11,"column":0},"end":{"line":11,"column":62}},"10":{"start":{"line":12,"column":0},"end":{"line":12,"column":50}},"11":{"start":{"line":16,"column":4},"end":{"line":16,"column":11}},"12":{"start":{"line":18,"column":4},"end":{"line":18,"column":30}},"13":{"start":{"line":18,"column":18},"end":{"line":18,"column":30}},"14":{"start":{"line":21,"column":4},"end":{"line":21,"column":62}},"15":{"start":{"line":22,"column":4},"end":{"line":22,"column":64}},"16":{"start":{"line":23,"column":4},"end":{"line":23,"column":62}},"17":{"start":{"line":24,"column":4},"end":{"line":24,"column":49}},"18":{"start":{"line":25,"column":4},"end":{"line":25,"column":54}},"19":{"start":{"line":26,"column":4},"end":{"line":26,"column":70}},"20":{"start":{"line":27,"column":4},"end":{"line":27,"column":58}},"21":{"start":{"line":29,"column":4},"end":{"line":29,"column":26}},"22":{"start":{"line":31,"column":4},"end":{"line":34,"column":5}},"23":{"start":{"line":32,"column":6},"end":{"line":33,"column":8}},"24":{"start":{"line":36,"column":4},"end":{"line":36,"column":33}},"25":{"start":{"line":37,"column":4},"end":{"line":37,"column":32}},"26":{"start":{"line":38,"column":4},"end":{"line":38,"column":50}},"27":{"start":{"line":42,"column":4},"end":{"line":42,"column":18}},"28":{"start":{"line":46,"column":4},"end":{"line":76,"column":6}},"29":{"start":{"line":47,"column":6},"end":{"line":47,"column":25}},"30":{"start":{"line":48,"column":6},"end":{"line":61,"column":7}},"31":{"start":{"line":49,"column":8},"end":{"line":49,"column":66}},"32":{"start":{"line":50,"column":13},"end":{"line":61,"column":7}},"33":{"start":{"line":54,"column":8},"end":{"line":54,"column":19}},"34":{"start":{"line":55,"column":8},"end":{"line":57,"column":9}},"35":{"start":{"line":56,"column":10},"end":{"line":56,"column":67}},"36":{"start":{"line":59,"column":8},"end":{"line":59,"column":22}},"37":{"start":{"line":60,"column":8},"end":{"line":60,"column":20}},"38":{"start":{"line":62,"column":6},"end":{"line":62,"column":26}},"39":{"start":{"line":62,"column":17},"end":{"line":62,"column":26}},"40":{"start":{"line":63,"column":6},"end":{"line":65,"column":7}},"41":{"start":{"line":64,"column":8},"end":{"line":64,"column":24}},"42":{"start":{"line":66,"column":6},"end":{"line":66,"column":30}},"43":{"start":{"line":67,"column":6},"end":{"line":67,"column":62}},"44":{"start":{"line":68,"column":6},"end":{"line":71,"column":8}},"45":{"start":{"line":69,"column":8},"end":{"line":69,"column":35}},"46":{"start":{"line":69,"column":17},"end":{"line":69,"column":35}},"47":{"start":{"line":70,"column":8},"end":{"line":70,"column":17}},"48":{"start":{"line":72,"column":6},"end":{"line":72,"column":59}},"49":{"start":{"line":72,"column":36},"end":{"line":72,"column":58}},"50":{"start":{"line":73,"column":6},"end":{"line":73,"column":71}},"51":{"start":{"line":73,"column":42},"end":{"line":73,"column":70}},"52":{"start":{"line":74,"column":6},"end":{"line":74,"column":83}},"53":{"start":{"line":74,"column":48},"end":{"line":74,"column":82}},"54":{"start":{"line":75,"column":6},"end":{"line":75,"column":29}},"55":{"start":{"line":75,"column":20},"end":{"line":75,"column":29}},"56":{"start":{"line":80,"column":4},"end":{"line":80,"column":27}},"57":{"start":{"line":84,"column":4},"end":{"line":84,"column":33}},"58":{"start":{"line":88,"column":4},"end":{"line":88,"column":41}},"59":{"start":{"line":92,"column":4},"end":{"line":92,"column":38}},"60":{"start":{"line":96,"column":4},"end":{"line":96,"column":38}},"61":{"start":{"line":100,"column":4},"end":{"line":100,"column":25}},"62":{"start":{"line":100,"column":19},"end":{"line":100,"column":25}},"63":{"start":{"line":101,"column":4},"end":{"line":101,"column":21}},"64":{"start":{"line":102,"column":4},"end":{"line":102,"column":21}},"65":{"start":{"line":103,"column":4},"end":{"line":103,"column":25}},"66":{"start":{"line":104,"column":4},"end":{"line":104,"column":40}},"67":{"start":{"line":105,"column":4},"end":{"line":106,"column":6}},"68":{"start":{"line":107,"column":4},"end":{"line":107,"column":20}},"69":{"start":{"line":108,"column":4},"end":{"line":108,"column":19}},"70":{"start":{"line":112,"column":4},"end":{"line":112,"column":63}},"71":{"start":{"line":113,"column":4},"end":{"line":113,"column":14}},"72":{"start":{"line":116,"column":4},"end":{"line":136,"column":6}},"73":{"start":{"line":117,"column":6},"end":{"line":117,"column":26}},"74":{"start":{"line":118,"column":6},"end":{"line":118,"column":26}},"75":{"start":{"line":119,"column":6},"end":{"line":119,"column":26}},"76":{"start":{"line":120,"column":6},"end":{"line":120,"column":56}},"77":{"start":{"line":121,"column":6},"end":{"line":121,"column":38}},"78":{"start":{"line":122,"column":6},"end":{"line":122,"column":44}},"79":{"start":{"line":123,"column":6},"end":{"line":123,"column":50}},"80":{"start":{"line":124,"column":6},"end":{"line":126,"column":7}},"81":{"start":{"line":125,"column":8},"end":{"line":125,"column":33}},"82":{"start":{"line":127,"column":6},"end":{"line":127,"column":42}},"83":{"start":{"line":127,"column":36},"end":{"line":127,"column":42}},"84":{"start":{"line":128,"column":6},"end":{"line":128,"column":96}},"85":{"start":{"line":128,"column":20},"end":{"line":128,"column":96}},"86":{"start":{"line":130,"column":6},"end":{"line":130,"column":81}},"87":{"start":{"line":131,"column":6},"end":{"line":131,"column":34}},"88":{"start":{"line":132,"column":6},"end":{"line":132,"column":31}},"89":{"start":{"line":134,"column":6},"end":{"line":134,"column":40}},"90":{"start":{"line":135,"column":6},"end":{"line":135,"column":28}},"91":{"start":{"line":138,"column":4},"end":{"line":169,"column":5}},"92":{"start":{"line":140,"column":7},"end":{"line":168,"column":9}},"93":{"start":{"line":141,"column":8},"end":{"line":153,"column":9}},"94":{"start":{"line":142,"column":10},"end":{"line":147,"column":12}},"95":{"start":{"line":143,"column":12},"end":{"line":146,"column":14}},"96":{"start":{"line":144,"column":14},"end":{"line":144,"column":49}},"97":{"start":{"line":144,"column":26},"end":{"line":144,"column":49}},"98":{"start":{"line":145,"column":14},"end":{"line":145,"column":38}},"99":{"start":{"line":152,"column":10},"end":{"line":152,"column":78}},"100":{"start":{"line":152,"column":51},"end":{"line":152,"column":76}},"101":{"start":{"line":155,"column":8},"end":{"line":155,"column":25}},"102":{"start":{"line":157,"column":8},"end":{"line":159,"column":9}},"103":{"start":{"line":158,"column":10},"end":{"line":158,"column":87}},"104":{"start":{"line":162,"column":8},"end":{"line":166,"column":9}},"105":{"start":{"line":163,"column":10},"end":{"line":163,"column":77}},"106":{"start":{"line":165,"column":10},"end":{"line":165,"column":32}},"107":{"start":{"line":167,"column":8},"end":{"line":167,"column":22}},"108":{"start":{"line":171,"column":4},"end":{"line":188,"column":5}},"109":{"start":{"line":172,"column":6},"end":{"line":187,"column":7}},"110":{"start":{"line":173,"column":8},"end":{"line":173,"column":42}},"111":{"start":{"line":174,"column":8},"end":{"line":176,"column":9}},"112":{"start":{"line":175,"column":10},"end":{"line":175,"column":82}},"113":{"start":{"line":178,"column":8},"end":{"line":181,"column":9}},"114":{"start":{"line":179,"column":10},"end":{"line":180,"column":12}},"115":{"start":{"line":183,"column":8},"end":{"line":183,"column":26}},"116":{"start":{"line":185,"column":8},"end":{"line":185,"column":22}},"117":{"start":{"line":186,"column":8},"end":{"line":186,"column":37}},"118":{"start":{"line":190,"column":4},"end":{"line":190,"column":39}},"119":{"start":{"line":191,"column":4},"end":{"line":202,"column":5}},"120":{"start":{"line":192,"column":6},"end":{"line":192,"column":41}},"121":{"start":{"line":192,"column":35},"end":{"line":192,"column":41}},"122":{"start":{"line":193,"column":6},"end":{"line":193,"column":36}},"123":{"start":{"line":194,"column":6},"end":{"line":200,"column":7}},"124":{"start":{"line":195,"column":8},"end":{"line":195,"column":40}},"125":{"start":{"line":196,"column":8},"end":{"line":196,"column":64}},"126":{"start":{"line":197,"column":8},"end":{"line":197,"column":42}},"127":{"start":{"line":198,"column":8},"end":{"line":199,"column":10}},"128":{"start":{"line":201,"column":6},"end":{"line":201,"column":44}},"129":{"start":{"line":206,"column":0},"end":{"line":206,"column":23}}},"branchMap":{"1":{"line":18,"type":"if","locations":[{"start":{"line":18,"column":4},"end":{"line":18,"column":4}},{"start":{"line":18,"column":4},"end":{"line":18,"column":4}}]},"2":{"line":21,"type":"binary-expr","locations":[{"start":{"line":21,"column":29},"end":{"line":21,"column":53}},{"start":{"line":21,"column":57},"end":{"line":21,"column":62}}]},"3":{"line":22,"type":"binary-expr","locations":[{"start":{"line":22,"column":30},"end":{"line":22,"column":55}},{"start":{"line":22,"column":59},"end":{"line":22,"column":64}}]},"4":{"line":23,"type":"binary-expr","locations":[{"start":{"line":23,"column":29},"end":{"line":23,"column":53}},{"start":{"line":23,"column":57},"end":{"line":23,"column":62}}]},"5":{"line":27,"type":"binary-expr","locations":[{"start":{"line":27,"column":27},"end":{"line":27,"column":49}},{"start":{"line":27,"column":53},"end":{"line":27,"column":58}}]},"6":{"lin
[...]
5":0,"36":0,"37":0,"38":0,"39":0,"40":0,"41":0,"42":0,"43":0,"44":0,"45":0,"46":0,"47":0,"48":0,"49":0,"50":0,"51":0,"52":0,"53":0,"54":0,"55":0,"56":0,"57":0,"58":0,"59":0,"60":0,"61":0,"62":0,"63":0,"64":0,"65":0,"66":0,"67":0,"68":0,"69":0,"70":0,"71":0,"72":0,"73":0,"74":0,"75":1},"b":{"1":[0,0],"2":[0,0],"3":[0,0],"4":[0,0],"5":[0,0],"6":[0,0],"7":[0,0],"8":[0,0],"9":[0,0],"10":[0,0],"11":[0,0],"12":[0,0]},"f":{"1":0,"2":0,"3":0,"4":0,"5":0,"6":0,"7":0,"8":0,"9":0},"fnMap":{"1":{"name":"(anonymous_1)","line":7,"loc":{"start":{"line":7,"column":14},"end":{"line":7,"column":27}}},"2":{"name":"(anonymous_2)","line":47,"loc":{"start":{"line":47,"column":24},"end":{"line":47,"column":27}}},"3":{"name":"(anonymous_3)","line":60,"loc":{"start":{"line":60,"column":14},"end":{"line":60,"column":20}}},"4":{"name":"(anonymous_4)","line":68,"loc":{"start":{"line":68,"column":14},"end":{"line":68,"column":17}}},"5":{"name":"(anonymous_5)","line":75,"loc":{"start":{"line":75,"column":16},"end":{"line":75,"column":31}}},"6":{"name":"(anonymous_6)","line":85,"loc":{"start":{"line":85,"column":25},"end":{"line":85,"column":32}}},"7":{"name":"(anonymous_7)","line":115,"loc":{"start":{"line":115,"column":21},"end":{"line":115,"column":24}}},"8":{"name":"(anonymous_8)","line":125,"loc":{"start":{"line":125,"column":23},"end":{"line":125,"column":31}}},"9":{"name":"(anonymous_9)","line":139,"loc":{"start":{"line":139,"column":20},"end":{"line":139,"column":23}}}},"statementMap":{"1":{"start":{"line":3,"column":0},"end":{"line":3,"column":79}},"2":{"start":{"line":4,"column":0},"end":{"line":4,"column":60}},"3":{"start":{"line":8,"column":4},"end":{"line":8,"column":25}},"4":{"start":{"line":9,"column":4},"end":{"line":9,"column":24}},"5":{"start":{"line":10,"column":4},"end":{"line":10,"column":38}},"6":{"start":{"line":11,"column":4},"end":{"line":11,"column":16}},"7":{"start":{"line":12,"column":4},"end":{"line":12,"column":38}},"8":{"start":{"line":13,"column":4},"end":{"line":13,"column":57}},"9":{"start":{"line":14,"column":4},"end":{"line":14,"column":59}},"10":{"start":{"line":16,"column":4},"end":{"line":16,"column":30}},"11":{"start":{"line":18,"column":4},"end":{"line":21,"column":6}},"12":{"start":{"line":19,"column":6},"end":{"line":19,"column":26}},"13":{"start":{"line":20,"column":6},"end":{"line":20,"column":28}},"14":{"start":{"line":23,"column":4},"end":{"line":31,"column":5}},"15":{"start":{"line":33,"column":4},"end":{"line":33,"column":52}},"16":{"start":{"line":33,"column":31},"end":{"line":33,"column":52}},"17":{"start":{"line":34,"column":4},"end":{"line":34,"column":74}},"18":{"start":{"line":34,"column":42},"end":{"line":34,"column":74}},"19":{"start":{"line":35,"column":4},"end":{"line":35,"column":46}},"20":{"start":{"line":35,"column":28},"end":{"line":35,"column":46}},"21":{"start":{"line":37,"column":4},"end":{"line":41,"column":5}},"22":{"start":{"line":43,"column":4},"end":{"line":43,"column":49}},"23":{"start":{"line":44,"column":4},"end":{"line":44,"column":32}},"24":{"start":{"line":52,"column":4},"end":{"line":57,"column":29}},"25":{"start":{"line":53,"column":6},"end":{"line":53,"column":31}},"26":{"start":{"line":53,"column":25},"end":{"line":53,"column":31}},"27":{"start":{"line":54,"column":6},"end":{"line":54,"column":26}},"28":{"start":{"line":55,"column":6},"end":{"line":55,"column":21}},"29":{"start":{"line":56,"column":6},"end":{"line":56,"column":52}},"30":{"start":{"line":61,"column":4},"end":{"line":61,"column":29}},"31":{"start":{"line":61,"column":23},"end":{"line":61,"column":29}},"32":{"start":{"line":62,"column":4},"end":{"line":62,"column":24}},"33":{"start":{"line":64,"column":4},"end":{"line":64,"column":19}},"34":{"start":{"line":65,"column":4},"end":{"line":65,"column":20}},"35":{"start":{"line":69,"column":4},"end":{"line":69,"column":29}},"36":{"start":{"line":69,"column":23},"end":{"line":69,"column":29}},"37":{"start":{"line":70,"column":4},"end":{"line":70,"column":24}},"38":{"start":{"line":71,"column":4},"end":{"line":71,"column":19}},"39":{"start":{"line":72,"column":4},"end":{"line":72,"column":76}},"40":{"start":{"line":76,"column":4},"end":{"line":76,"column":29}},"41":{"start":{"line":76,"column":23},"end":{"line":76,"column":29}},"42":{"start":{"line":77,"column":4},"end":{"line":77,"column":34}},"43":{"start":{"line":78,"column":4},"end":{"line":80,"column":5}},"44":{"start":{"line":79,"column":6},"end":{"line":79,"column":88}},"45":{"start":{"line":81,"column":4},"end":{"line":81,"column":29}},"46":{"start":{"line":82,"column":4},"end":{"line":82,"column":37}},"47":{"start":{"line":86,"column":4},"end":{"line":88,"column":5}},"48":{"start":{"line":87,"column":6},"end":{"line":87,"column":78}},"49":{"start":{"line":90,"column":4},"end":{"line":90,"column":33}},"50":{"start":{"line":93,"column":4},"end":{"line":97,"column":5}},"51":{"start":{"line":96,"column":6},"end":{"line":96,"column":88}},"52":{"start":{"line":100,"column":4},"end":{"line":112,"column":5}},"53":{"start":{"line":104,"column":6},"end":{"line":104,"column":31}},"54":{"start":{"line":105,"column":11},"end":{"line":112,"column":5}},"55":{"start":{"line":109,"column":6},"end":{"line":109,"column":60}},"56":{"start":{"line":111,"column":6},"end":{"line":111,"column":95}},"57":{"start":{"line":116,"column":4},"end":{"line":122,"column":6}},"58":{"start":{"line":117,"column":6},"end":{"line":117,"column":39}},"59":{"start":{"line":118,"column":6},"end":{"line":118,"column":42}},"60":{"start":{"line":119,"column":6},"end":{"line":119,"column":30}},"61":{"start":{"line":121,"column":6},"end":{"line":121,"column":27}},"62":{"start":{"line":126,"column":4},"end":{"line":128,"column":5}},"63":{"start":{"line":127,"column":6},"end":{"line":127,"column":88}},"64":{"start":{"line":129,"column":4},"end":{"line":136,"column":6}},"65":{"start":{"line":130,"column":6},"end":{"line":130,"column":38}},"66":{"start":{"line":131,"column":6},"end":{"line":131,"column":52}},"67":{"start":{"line":132,"column":6},"end":{"line":132,"column":61}},"68":{"start":{"line":133,"column":6},"end":{"line":133,"column":30}},"69":{"start":{"line":135,"column":6},"end":{"line":135,"column":27}},"70":{"start":{"line":140,"column":4},"end":{"line":140,"column":24}},"71":{"start":{"line":141,"column":4},"end":{"line":145,"column":5}},"72":{"start":{"line":142,"column":6},"end":{"line":144,"column":8}},"73":{"start":{"line":143,"column":8},"end":{"line":143,"column":23}},"74":{"start":{"line":146,"column":4},"end":{"line":146,"column":34}},"75":{"start":{"line":150,"column":0},"end":{"line":150,"column":37}}},"branchMap":{"1":{"line":53,"type":"if","locations":[{"start":{"line":53,"column":6},"end":{"line":53,"column":6}},{"start":{"line":53,"column":6},"end":{"line":53,"column":6}}]},"2":{"line":61,"type":"if","locations":[{"start":{"line":61,"column":4},"end":{"line":61,"column":4}},{"start":{"line":61,"column":4},"end":{"line":61,"column":4}}]},"3":{"line":69,"type":"if","locations":[{"start":{"line":69,"column":4},"end":{"line":69,"column":4}},{"start":{"line":69,"column":4},"end":{"line":69,"column":4}}]},"4":{"line":76,"type":"if","locations":[{"start":{"line":76,"column":4},"end":{"line":76,"column":4}},{"start":{"line":76,"column":4},"end":{"line":76,"column":4}}]},"5":{"line":78,"type":"if","locations":[{"start":{"line":78,"column":4},"end":{"line":78,"column":4}},{"start":{"line":78,"column":4},"end":{"line":78,"column":4}}]},"6":{"line":86,"type":"if","locations":[{"start":{"line":86,"column":4},"end":{"line":86,"column":4}},{"start":{"line":86,"column":4},"end":{"line":86,"column":4}}]},"7":{"line":93,"type":"if","locations":[{"start":{"line":93,"column":4},"end":{"line":93,"column":4}},{"start":{"line":93,"column":4},"end":{"line":93,"column":4}}]},"8":{"line":100,"type":"if","locations":[{"start":{"line":100,"column":4},"end":{"line":100,"column":4}},{"start":{"line":100,"column":4},"end":{"line":100,"column":4}}]},"9":{"line":105,"type":"if","locations":[{"start":{"line":105,"column":11},"end":{"line":105,"column":11}},{"start":{"line":105,"column":11},"end":{"line":105,"column":11}}]},"10":{"line":126,"type":"if","locations":[{"start":{"line":126,"column":4},"end":{"line":126,"column":4}},{"start":{"line":126,"column":4},"end":{"line":126,"column":4}}]},"11":{"line":141,"type":"if","locations":[{"start":{"line":141,"column":4},"end":{"line":141,"column":4}},{"start":{"line":141,"column":4},"end":{"line":141,"column":4}}]},"12":{"line":141,"type":"binary-expr","locations":[{"start":{"line":141,"column":8},"end":{"line":141,"column":33}},{"start":{"line":141,"column":37},"end":{"line":141,"column":66}}]}}},"/home/ivan/code/github/socketeer/lib/SessionManager.js":{"path":"/home/ivan/code/github/socketeer/lib/SessionManager.js","s":{"1":1,"2":1,"3":1,"4":1,"5":1,"6":1,"7":0,"8":0,"9":0,"10":0,"11":0,"12":0,"13":0,"14":0,"15":0,"16":0,"17":0,"18":0,"19":0,"20":0,"21":0,"22":0,"23":0,"24":0,"25":0,"26":0,"27":0,"28":0,"29":0,"30":0,"31":0,"32":0,"33":0,"34":0,"35":0,"36":0,"37":0,"38":0,"39":0,"40":0,"41":0,"42":0,"43":0,"44":0,"45":0,"46":0,"47":0,"48":0,"49":0,"50":0,"51":0,"52":0,"53":0,"54":0,"55":0,"56":0,"57":0,"58":0,"59":0,"60":0,"61":0,"62":0,"63":0,"64":0,"65":0,"66":0,"67":0,"68":0,"69":0,"70":0,"71":0,"72":0,"73":0,"74":0,"75":0,"76":0,"77":0,"78":0,"79":0,"80":0,"81":1},"b":{"1":[0,0],"2":[0,0],"3":[0,0],"4":[0,0],"5":[0,0],"6":[0,0],"7":[0,0],"8":[0,0],"9":[0,0],"10":[0,0],"11":[0,0],"12":[0,0],"13":[0,0],"14":[0,0],"15":[0,0],"16":[0,0],"17":[0,0],"18":[0,0],"19":[0,0,0],"20":[0,0],"21":[0,0]},"f":{"1":1,"2":0,"3":0,"4":0,"5":0,"6":0,"7":0,"8":0,"9":0,"10":0},"fnMap":{"1":{"name":"(anonymous_1)","line":7,"loc":{"start":{"line":7,"column":14},"end":{"line":7,"column":23}}},"2":{"name":"(anonymous_2)","line":14,"loc":{"start":{"line":14,"column":18},"end":{"line":14,"column":21}}},"3":{"name":"(anonymous_3)","line":40,"loc":{"start":{"line":40,"column":17},"end":{"line":40,"column":25}}},"4":{"name":"(anonymous_4)","line":44,"loc":{"start":{"line":44,"column":16},"end":{"line":44,"column":28}}},"5":{"name":"(anonymous_5)","line":80,"loc":{"start":{"line":80,"column":16},"end":{"line":80,"column":24}}},"6":{"name":"(anonymous_6)","line":95,"loc":{"start":{"line":95,"column":16},"end":{"line":95,"column":36}}},"7":{"name":"(anonymous_7)","line":115,"loc":{"start":{"line":115,"column":15},"end":{"line":115,"column":42}}},"8":{"name":"(anonymous_8)","line":120,"loc":{"start":{"line":120,"column":20},"end":{"line":120,"column":37}}},"9":{"name":"(anonymous_9)","line":141,"loc":{"start":{"line":141,"column":13},"end":{"line":141,"column":21}}},"10":{"name":"(anonymous_10)","line":149,"loc":{"start":{"line":149,"column":16},"end":{"line":149,"column":19}}}},"statementMap":{"1":{"start":{"line":3,"column":0},"end":{"line":3,"column":49}},"2":{"start":{"line":4,"column":0},"end":{"line":4,"column":40}},"3":{"start":{"line":8,"column":4},"end":{"line":8,"column":24}},"4":{"start":{"line":9,"column":4},"end":{"line":9,"column":29}},"5":{"start":{"line":10,"column":4},"end":{"line":10,"column":29}},"6":{"start":{"line":11,"column":4},"end":{"line":11,"column":28}},"7":{"start":{"line":15,"column":4},"end":{"line":37,"column":6}},"8":{"start":{"line":16,"column":6},"end":{"line":18,"column":7}},"9":{"start":{"line":17,"column":8},"end":{"line":17,"column":28}},"10":{"start":{"line":19,"column":6},"end":{"line":36,"column":8}},"11":{"start":{"line":20,"column":8},"end":{"line":29,"column":10}},"12":{"start":{"line":21,"column":10},"end":{"line":21,"column":51}},"13":{"start":{"line":21,"column":38},"end":{"line":21,"column":51}},"14":{"start":{"line":22,"column":10},"end":{"line":22,"column":34}},"15":{"start":{"line":23,"column":10},"end":{"line":26,"column":12}},"16":{"start":{"line":28,"column":10},"end":{"line":28,"column":19}},"17":{"start":{"line":31,"column":8},"end":{"line":35,"column":9}},"18":{"start":{"line":32,"column":10},"end":{"line":32,"column":28}},"19":{"start":{"line":34,"column":10},"end":{"line":34,"column":21}},"20":{"start":{"line":41,"column":4},"end":{"line":41,"column":31}},"21":{"start":{"line":45,"column":4},"end":{"line":77,"column":6}},"22":{"start":{"line":46,"column":6},"end":{"line":46,"column":46}},"23":{"start":{"line":47,"column":6},"end":{"line":47,"column":52}},"24":{"start":{"line":47,"column":20},"end":{"line":47,"column":52}},"25":{"start":{"line":48,"column":6},"end":{"line":48,"column":58}},"26":{"start":{"line":48,"column":26},"end":{"line":48,"column":58}},"27":{"start":{"line":49,"column":6},"end":{"line":49,"column":102}},"28":{"start":{"line":49,"column":70},"end":{"line":49,"column":102}},"29":{"start":{"line":53,"column":6},"end":{"line":53,"column":35}},"30":{"start":{"line":54,"column":6},"end":{"line":54,"column":31}},"31":{"start":{"line":55,"column":6},"end":{"line":76,"column":8}},"32":{"start":{"line":56,"column":8},"end":{"line":56,"column":34}},"33":{"start":{"line":59,"column":8},"end":{"line":59,"column":94}},"34":{"start":{"line":59,"column":23},"end":{"line":59,"column":94}},"35":{"start":{"line":62,"column":8},"end":{"line":62,"column":60}},"36":{"start":{"line":62,"column":28},"end":{"line":62,"column":60}},"37":{"start":{"line":63,"column":8},"end":{"line":63,"column":29}},"38":{"start":{"line":65,"column":8},"end":{"line":65,"column":56}},"39":{"start":{"line":66,"column":8},"end":{"line":66,"column":33}},"40":{"start":{"line":67,"column":8},"end":{"line":70,"column":10}},"41":{"start":{"line":72,"column":8},"end":{"line":74,"column":9}},"42":{"start":{"line":73,"column":10},"end":{"line":73,"column":43}},"43":{"start":{"line":75,"column":8},"end":{"line":75,"column":19}},"44":{"start":{"line":81,"column":4},"end":{"line":81,"column":44}},"45":{"start":{"line":83,"column":4},"end":{"line":83,"column":30}},"46":{"start":{"line":83,"column":18},"end":{"line":83,"column":30}},"47":{"start":{"line":84,"column":4},"end":{"line":84,"column":31}},"48":{"start":{"line":87,"column":4},"end":{"line":89,"column":28}},"49":{"start":{"line":88,"column":6},"end":{"line":88,"column":32}},"50":{"start":{"line":90,"column":4},"end":{"line":92,"column":6}},"51":{"start":{"line":96,"column":4},"end":{"line":112,"column":6}},"52":{"start":{"line":116,"column":4},"end":{"line":116,"column":29}},"53":{"start":{"line":117,"column":4},"end":{"line":117,"column":44}},"54":{"start":{"line":121,"column":4},"end":{"line":121,"column":44}},"55":{"start":{"line":122,"column":4},"end":{"line":122,"column":24}},"56":{"start":{"line":122,"column":18},"end":{"line":122,"column":24}},"57":{"start":{"line":123,"column":4},"end":{"line":123,"column":31}},"58":{"start":{"line":123,"column":25},"end":{"line":123,"column":31}},"59":{"start":{"line":124,"column":4},"end":{"line":124,"column":31}},"60":{"start":{"line":124,"column":25},"end":{"line":124,"column":31}},"61":{"start":{"line":125,"column":4},"end":{"line":125,"column":26}},"62":{"start":{"line":126,"column":4},"end":{"line":133,"column":5}},"63":{"start":{"line":127,"column":6},"end":{"line":127,"column":32}},"64":{"start":{"line":127,"column":26},"end":{"line":127,"column":32}},"65":{"start":{"line":128,"column":6},"end":{"line":131,"column":7}},"66":{"start":{"line":129,"column":8},"end":{"line":129,"column":36}},"67":{"start":{"line":130,"column":8},"end":{"line":130,"column":14}},"68":{"start":{"line":132,"column":6},"end":{"line":132,"column":48}},"69":{"start":{"line":134,"column":4},"end":{"line":138,"column":5}},"70":{"start":{"line":135,"column":6},"end":{"line":135,"column":15}},"71":{"start":{"line":137,"column":6},"end":{"line":137,"column":72}},"72":{"start":{"line":142,"column":4},"end":{"line":146,"column":5}},"73":{"start":{"line":152,"column":4},"end":{"line":159,"column":6}},"74":{"start":{"line":153,"column":6},"end":{"line":153,"column":61}},"75":{"start":{"line":153,"column":41},"end":{"line":153,"column":61}},"76":{"start":{"line":154,"column":6},"end":{"line":158,"column":8}},"77":{"start":{"line":155,"column":8},"end":{"line":155,"column":35}},"78":{"start":{"line":155,"column":17},"end":{"line":155,"column":35}},"79":{"start":{"line":156,"column":8},"end":{"line":156,"column":41}},"80":{"start":{"line":157,"column":8},"end":{"line":157,"column":29}},"81":{"start":{"line":163,"column":0},"end":{"line":163,"column":31}}},"branchMap":{"1":{"line":16,"type":"if","locations":[{"start":{"line":16,"column":6},"end":{"line":16,"column":6}},{"start":{"line":16,"column":6},"end":{"line":16,"column":6}}]},"2":{"line":21,"type":"if","locations":[{"start":{"line":21,"column":10},"end":{"line":21,"column":10}},{"start":{"line":21,"column":10},"end":{"line":21,"column":10}}]},"3":{"line":31,"type":"if","locations":[{"start":{"line":31,"column":8},"end":{"line":31,"column":8}},{"start":{"line":31,"column":8},"end":{"line":31,"column":8}}]},"4":{"line":31,"type":"binary-expr","locations":[{"start":{"line":31,"column":12},"end":{"line":31,"column":15}},{"start":{"line":31,"column":19},"end":{"line":31,"column":29}}]},"5":{"line":47,"type":"if","locations":[{"start":{"line":47,"column":6},"end":{"line":47,"column":6}},{"start":{"line":47,"column":6},"end":{"line":47,"column":6}}]},"6":{"line":48,"type":"if","locations":[{"start":{"line":48,"column":6},"end":{"line":48,"column":6}},{"start":{"line":48,"column":6},"end":{"line":48,"column":6}}]},"7":{"line":49,"type":"if","locations":[{"start":{"line":49,"column":6},"end":{"line":49,"column":6}},{"start":{"line":49,"column":6},"end":{"line":49,"column":6}}]},"8":{"line":49,"type":"binary-expr","locations":[{"start":{"line":49,"column":10},"end":{"line":49,"column":47}},{"start":{"line":49,"column":51},"end":{"line":49,"column":68}}]},"9":{"line":59,"type":"if","locations":[{"start":{"line":59,"column":8},"end":{"line":59,"column":8}},{"start":{"line":59,"column":8},"end":{"line":59,"column":8}}]},"10":{"line":62,"type":"if","locations":[{"start":{"line":62,"column":8},"end":{"line":62,"column":8}},{"start":{"line":62,"column":8},"end":{"line":62,"column":8}}]},"11":{"line":72,"type":"if","locations":[{"start":{"line":72,"column":8},"end":{"line":72,"column":8}},{"start":{"line":72,"column":8},"end":{"line":72,"column":8}}]},"12":{"line":83,"type":"if","locations":[{"start":{"line":83,"column":4},"end":{"line":83,"column":4}},{"start":{"line":83,"column":4},"end":{"line":83,"column":4}}]},"13":{"line":122,"type":"if","locations":[{"start":{"line":122,"column":4},"end":{"line":122,"column":4}},{"start":{"line":122,"column":4},"end":{"line":122,"column":4}}]},"14":{"line":123,"type":"if","locations":[{"start":{"line":123,"column":4},"end":{"line":123,"column":4}},{"start":{"line":123,"column":4},"end":{"line":123,"column":4}}]},"15":{"line":124,"type":"if","locations":[{"start":{"line":124,"column":4},"end":{"line":124,"column":4}},{"start":{"line":124,"column":4},"end":{"line":124,"column":4}}]},"16":{"line":127,"type":"if","locations":[{"start":{"line":127,"column":6},"end":{"line":127,"column":6}},{"start":{"line":127,"column":6},"end":{"line":127,"column":6}}]},"17":{"line":128,"type":"if","locations":[{"start":{"line":128,"column":6},"end":{"line":128,"column":6}},{"start":{"line":128,"column":6},"end":{"line":128,"column":6}}]},"18":{"line":134,"type":"if","locations":[{"start":{"line":134,"column":4},"end":{"line":134,"column":4}},{"start":{"line":134,"column":4},"end":{"line":134,"column":4}}]},"19":{"line":143,"type":"binary-expr","locations":[{"start":{"line":143,"column":6},"end":{"line":143,"column":30}},{"start":{"line":144,"column":6},"end":{"line":144,"column":30}},{"start":{"line":145,"column":6},"end":{"line":145,"column":29}}]},"20":{"line":153,"type":"if","locations":[{"start":{"line":153,"column":6},"end":{"line":153,"column":6}},{"start":{"line":153,"column":6},"end":{"line":153,"column":6}}]},"21":{"line":155,"type":"if","locations":[{"start":{"line":155,"column":8},"end":{"line":155,"column":8}},{"start":{"line":155,"column":8},"end":{"line":155,"column":8}}]}}}}